<?xml version="1.0" encoding="UTF-8"?>
<testsuite name="MainTest" tests="1" skipped="0" failures="0" errors="0" timestamp="2020-10-17T20:34:43" hostname="friend" time="11.261">
  <properties/>
  <testcase name="main()" classname="MainTest" time="11.261"/>
  <system-out><![CDATA[[_1f.cfe, _1f.cfs, _1f.si, segments_1l, write.lock]
103
"0.003" : TotalFreq : 1
doc1(1),
"0.02" : TotalFreq : 1
doc54(1),
"0.021" : TotalFreq : 1
doc1(1),
"0.0225" : TotalFreq : 1
doc54(1),
"0.026" : TotalFreq : 1
doc54(1),
"0.029" : TotalFreq : 1
doc0(1),
"0.039" : TotalFreq : 1
doc0(1),
"0.05" : TotalFreq : 1
doc64(1),
"0.051" : TotalFreq : 1
doc0(1),
"0.1" : TotalFreq : 2
doc82(2),
"0.25" : TotalFreq : 1
doc73(1),
"0.26" : TotalFreq : 1
doc54(1),
"0.27" : TotalFreq : 1
doc55(1),
"0.324" : TotalFreq : 1
doc0(1),
"0.5" : TotalFreq : 2
doc71(1),doc76(1),
"0.6" : TotalFreq : 1
doc54(1),
"0.67" : TotalFreq : 1
doc54(1),
"1" : TotalFreq : 40
doc2(1),doc9(1),doc10(1),doc15(2),doc18(1),doc21(1),doc23(1),doc27(1),doc32(2),doc43(1),doc45(1),doc46(1),doc47(1),doc55(2),doc58(4),doc61(4),doc63(1),doc64(1),doc70(1),doc71(1),doc72(1),doc79(7),doc96(1),doc97(1),doc99(1),
"1.05" : TotalFreq : 1
doc55(1),
"1.2" : TotalFreq : 1
doc46(1),
"1.32" : TotalFreq : 1
doc54(1),
"1.5" : TotalFreq : 1
doc52(1),
"1.71" : TotalFreq : 1
doc42(1),
"10" : TotalFreq : 19
doc3(1),doc4(6),doc15(3),doc18(1),doc27(1),doc30(1),doc45(1),doc46(1),doc50(1),doc54(1),doc73(1),doc78(1),
"100" : TotalFreq : 4
doc4(2),doc15(1),doc55(1),
"100,000" : TotalFreq : 1
doc91(1),
"105" : TotalFreq : 1
doc54(1),
"1066" : TotalFreq : 1
doc16(1),
"11" : TotalFreq : 4
doc32(1),doc46(1),doc54(1),doc99(1),
"1142" : TotalFreq : 1
doc9(1),
"1143" : TotalFreq : 1
doc10(1),
"1172" : TotalFreq : 1
doc11(1),
"12" : TotalFreq : 4
doc55(1),doc61(1),doc70(1),doc94(1),
"128" : TotalFreq : 1
doc27(1),
"13" : TotalFreq : 5
doc52(2),doc58(1),doc63(1),doc71(1),
"131i" : TotalFreq : 1
doc55(1),
"1368" : TotalFreq : 1
doc19(1),
"14" : TotalFreq : 5
doc18(2),doc56(1),doc71(2),
"14.3" : TotalFreq : 1
doc42(1),
"15" : TotalFreq : 5
doc1(1),doc35(1),doc55(1),doc57(1),doc61(1),
"150" : TotalFreq : 1
doc3(1),
"1541" : TotalFreq : 1
doc1(1),
"1577" : TotalFreq : 1
doc2(1),
"16" : TotalFreq : 1
doc94(1),
"16.6" : TotalFreq : 1
doc52(1),
"17" : TotalFreq : 2
doc1(1),doc18(1),
"171" : TotalFreq : 1
doc96(1),
"1845" : TotalFreq : 1
doc14(1),
"1846" : TotalFreq : 1
doc15(1),
"1848" : TotalFreq : 1
doc20(1),
"19" : TotalFreq : 5
doc22(4),doc71(1),
"1907" : TotalFreq : 1
doc94(1),
"1950" : TotalFreq : 1
doc94(1),
"1955" : TotalFreq : 1
doc94(1),
"1958" : TotalFreq : 1
doc73(1),
"1960" : TotalFreq : 3
doc18(1),doc67(1),doc73(1),
"1963" : TotalFreq : 2
doc34(1),doc96(1),
"1964" : TotalFreq : 2
doc34(1),doc36(1),
"198" : TotalFreq : 1
doc42(1),
"1m" : TotalFreq : 1
doc22(1),
"2" : TotalFreq : 41
doc3(2),doc4(1),doc7(1),doc15(1),doc21(8),doc22(1),doc32(1),doc37(1),doc43(1),doc45(1),doc46(1),doc47(1),doc50(1),doc54(4),doc55(2),doc61(3),doc63(1),doc70(1),doc71(1),doc72(1),doc74(3),doc78(1),doc79(1),doc99(2),
"2,000" : TotalFreq : 1
doc49(1),
"2.0" : TotalFreq : 1
doc46(1),
"2.25" : TotalFreq : 1
doc54(1),
"2.4" : TotalFreq : 1
doc46(1),
"20" : TotalFreq : 9
doc3(1),doc18(2),doc32(1),doc39(1),doc52(2),doc54(2),
"200" : TotalFreq : 1
doc3(1),
"210.0" : TotalFreq : 1
doc3(1),
"2127" : TotalFreq : 1
doc13(1),
"2192" : TotalFreq : 1
doc0(1),
"22" : TotalFreq : 1
doc17(1),
"2281" : TotalFreq : 1
doc4(1),
"2284" : TotalFreq : 1
doc5(1),
"2354" : TotalFreq : 1
doc21(1),
"2371" : TotalFreq : 1
doc22(1),
"2372" : TotalFreq : 1
doc23(1),
"2373" : TotalFreq : 1
doc24(1),
"24" : TotalFreq : 1
doc46(1),
"25" : TotalFreq : 2
doc49(1),doc52(1),
"250" : TotalFreq : 2
doc20(1),doc32(1),
"2552" : TotalFreq : 1
doc8(1),
"2570" : TotalFreq : 1
doc17(1),
"264" : TotalFreq : 1
doc27(1),
"266" : TotalFreq : 1
doc28(1),
"28" : TotalFreq : 4
doc54(3),doc56(1),
"290.6" : TotalFreq : 1
doc3(1),
"3" : TotalFreq : 31
doc4(3),doc15(1),doc16(1),doc19(2),doc21(1),doc24(1),doc32(1),doc42(2),doc46(2),doc47(1),doc50(1),doc58(3),doc61(6),doc68(2),doc71(1),doc74(1),doc94(1),doc97(1),
"3.0" : TotalFreq : 1
doc71(1),
"3.2" : TotalFreq : 1
doc18(1),
"30" : TotalFreq : 7
doc3(1),doc9(2),doc19(2),doc21(1),doc46(1),
"31" : TotalFreq : 1
doc25(1),
"3123" : TotalFreq : 1
doc3(1),
"32" : TotalFreq : 3
doc42(3),
"320" : TotalFreq : 1
doc20(1),
"326.8" : TotalFreq : 1
doc3(1),
"32p" : TotalFreq : 1
doc42(1),
"32pi" : TotalFreq : 1
doc36(1),
"34" : TotalFreq : 1
doc52(1),
"3604" : TotalFreq : 1
doc6(1),
"3640" : TotalFreq : 1
doc7(1),
"4" : TotalFreq : 13
doc4(1),doc6(1),doc15(1),doc16(1),doc21(1),doc32(1),doc46(1),doc47(1),doc54(2),doc61(2),doc65(1),
"40" : TotalFreq : 2
doc13(1),doc54(1),
"40,000" : TotalFreq : 1
doc18(1),
"420,000" : TotalFreq : 1
doc18(1),
"44" : TotalFreq : 1
doc1(1),
"45" : TotalFreq : 2
doc3(1),doc94(1),
"45.2" : TotalFreq : 1
doc52(1),
"480" : TotalFreq : 1
doc46(1),
"4s" : TotalFreq : 2
doc18(1),doc22(1),
"5" : TotalFreq : 17
doc3(1),doc4(2),doc9(1),doc10(1),doc24(1),doc47(1),doc52(1),doc55(1),doc61(2),doc74(1),doc78(1),doc96(1),doc99(3),
"5.0" : TotalFreq : 1
doc76(1),
"50" : TotalFreq : 6
doc15(2),doc39(1),doc46(2),doc54(1),
"500" : TotalFreq : 1
doc49(1),
"516" : TotalFreq : 1
doc0(1),
"517" : TotalFreq : 1
doc1(1),
"518" : TotalFreq : 1
doc2(1),
"519" : TotalFreq : 1
doc3(1),
"52" : TotalFreq : 1
doc32(1),
"520" : TotalFreq : 1
doc4(1),
"521" : TotalFreq : 1
doc5(1),
"522" : TotalFreq : 1
doc6(1),
"523" : TotalFreq : 1
doc7(1),
"524" : TotalFreq : 1
doc8(1),
"525" : TotalFreq : 1
doc9(1),
"526" : TotalFreq : 1
doc10(1),
"527" : TotalFreq : 1
doc11(1),
"528" : TotalFreq : 1
doc12(1),
"529" : TotalFreq : 1
doc13(1),
"530" : TotalFreq : 1
doc14(1),
"531" : TotalFreq : 1
doc15(1),
"532" : TotalFreq : 1
doc16(1),
"533" : TotalFreq : 1
doc17(1),
"534" : TotalFreq : 1
doc18(1),
"535" : TotalFreq : 1
doc19(1),
"536" : TotalFreq : 1
doc20(1),
"537" : TotalFreq : 1
doc21(1),
"538" : TotalFreq : 1
doc22(1),
"539" : TotalFreq : 1
doc23(1),
"540" : TotalFreq : 1
doc24(1),
"541" : TotalFreq : 1
doc25(1),
"542" : TotalFreq : 1
doc26(1),
"543" : TotalFreq : 1
doc27(1),
"544" : TotalFreq : 1
doc28(1),
"545" : TotalFreq : 1
doc29(1),
"546" : TotalFreq : 1
doc30(1),
"547" : TotalFreq : 1
doc31(1),
"548" : TotalFreq : 1
doc32(1),
"549" : TotalFreq : 1
doc33(1),
"550" : TotalFreq : 1
doc34(1),
"551" : TotalFreq : 1
doc35(1),
"5512" : TotalFreq : 1
doc25(1),
"5514" : TotalFreq : 1
doc26(1),
"552" : TotalFreq : 1
doc36(1),
"553" : TotalFreq : 1
doc37(1),
"554" : TotalFreq : 1
doc38(1),
"555" : TotalFreq : 1
doc39(1),
"556" : TotalFreq : 1
doc40(1),
"557" : TotalFreq : 1
doc41(1),
"558" : TotalFreq : 1
doc42(1),
"559" : TotalFreq : 1
doc43(1),
"560" : TotalFreq : 1
doc44(1),
"561" : TotalFreq : 1
doc45(1),
"562" : TotalFreq : 1
doc46(1),
"563" : TotalFreq : 1
doc47(1),
"564" : TotalFreq : 1
doc48(1),
"565" : TotalFreq : 1
doc49(1),
"566" : TotalFreq : 1
doc50(1),
"567" : TotalFreq : 1
doc51(1),
"568" : TotalFreq : 1
doc52(1),
"569" : TotalFreq : 1
doc53(1),
"570" : TotalFreq : 1
doc54(1),
"571" : TotalFreq : 1
doc55(1),
"572" : TotalFreq : 1
doc56(1),
"573" : TotalFreq : 1
doc57(1),
"574" : TotalFreq : 1
doc58(1),
"575" : TotalFreq : 1
doc59(1),
"576" : TotalFreq : 1
doc60(1),
"577" : TotalFreq : 1
doc61(1),
"578" : TotalFreq : 1
doc62(1),
"579" : TotalFreq : 1
doc63(1),
"580" : TotalFreq : 1
doc64(1),
"581" : TotalFreq : 1
doc65(1),
"582" : TotalFreq : 1
doc66(1),
"583" : TotalFreq : 1
doc67(1),
"584" : TotalFreq : 1
doc68(1),
"585" : TotalFreq : 1
doc69(1),
"586" : TotalFreq : 1
doc70(1),
"587" : TotalFreq : 1
doc71(1),
"588" : TotalFreq : 1
doc72(1),
"589" : TotalFreq : 1
doc73(1),
"590" : TotalFreq : 1
doc74(1),
"591" : TotalFreq : 1
doc75(1),
"592" : TotalFreq : 1
doc76(1),
"593" : TotalFreq : 1
doc77(1),
"594" : TotalFreq : 1
doc78(1),
"595" : TotalFreq : 1
doc79(1),
"596" : TotalFreq : 1
doc80(1),
"597" : TotalFreq : 1
doc81(1),
"598" : TotalFreq : 1
doc82(1),
"599" : TotalFreq : 1
doc83(1),
"6" : TotalFreq : 7
doc15(1),doc32(1),doc46(1),doc47(1),doc54(2),doc71(1),
"6.7" : TotalFreq : 1
doc52(1),
"60" : TotalFreq : 2
doc52(2),
"600" : TotalFreq : 1
doc84(1),
"601" : TotalFreq : 1
doc85(1),
"602" : TotalFreq : 1
doc86(1),
"603" : TotalFreq : 1
doc87(1),
"604" : TotalFreq : 1
doc88(1),
"605" : TotalFreq : 1
doc89(1),
"606" : TotalFreq : 1
doc90(1),
"607" : TotalFreq : 1
doc91(1),
"608" : TotalFreq : 1
doc92(1),
"609" : TotalFreq : 1
doc93(1),
"610" : TotalFreq : 1
doc94(1),
"611" : TotalFreq : 1
doc95(1),
"612" : TotalFreq : 1
doc96(1),
"613" : TotalFreq : 1
doc97(1),
"614" : TotalFreq : 1
doc98(1),
"615" : TotalFreq : 1
doc99(1),
"616" : TotalFreq : 1
doc100(1),
"617" : TotalFreq : 1
doc101(1),
"618" : TotalFreq : 1
doc102(1),
"6th" : TotalFreq : 1
doc24(1),
"7" : TotalFreq : 13
doc18(1),doc26(4),doc55(3),doc58(2),doc78(3),
"70" : TotalFreq : 2
doc4(1),doc52(1),
"744" : TotalFreq : 1
doc18(1),
"77" : TotalFreq : 1
doc4(1),
"78" : TotalFreq : 1
doc17(1),
"7s" : TotalFreq : 4
doc22(4),
"8" : TotalFreq : 3
doc50(1),doc61(1),doc99(1),
"80" : TotalFreq : 1
doc54(1),
"8000" : TotalFreq : 1
doc14(1),
"843" : TotalFreq : 1
doc12(1),
"85" : TotalFreq : 1
doc4(1),
"86" : TotalFreq : 1
doc99(1),
"87" : TotalFreq : 1
doc32(1),
"9" : TotalFreq : 6
doc14(1),doc50(1),doc74(2),doc78(2),
"90" : TotalFreq : 2
doc39(1),doc42(1),
"94" : TotalFreq : 1
doc46(1),
"944" : TotalFreq : 1
doc96(1),
"95" : TotalFreq : 1
doc27(1),
"a2" : TotalFreq : 1
doc20(1),
"ab" : TotalFreq : 1
doc25(1),
"abdomini" : TotalFreq : 1
doc5(1),
"aberr" : TotalFreq : 1
doc92(1),
"abil" : TotalFreq : 9
doc18(1),doc26(1),doc54(1),doc56(4),doc79(1),doc81(1),
"abl" : TotalFreq : 2
doc62(1),doc66(1),
"abnorm" : TotalFreq : 7
doc20(2),doc44(1),doc53(1),doc75(1),doc86(1),doc99(1),
"abnormali" : TotalFreq : 1
doc66(1),
"abolish" : TotalFreq : 3
doc49(1),doc64(1),doc70(1),
"about" : TotalFreq : 8
doc4(1),doc34(1),doc39(1),doc50(1),doc57(1),doc89(3),
"abov" : TotalFreq : 6
doc34(1),doc71(1),doc72(1),doc74(2),doc85(1),
"abrupt" : TotalFreq : 1
doc54(1),
"absenc" : TotalFreq : 5
doc70(2),doc78(1),doc85(2),
"absent" : TotalFreq : 3
doc55(1),doc57(1),doc87(1),
"absolut" : TotalFreq : 2
doc15(2),
"absorpt" : TotalFreq : 9
doc2(1),doc4(2),doc21(1),doc25(1),doc27(1),doc32(2),doc42(1),
"ac" : TotalFreq : 2
doc56(1),doc64(1),
"acceler" : TotalFreq : 8
doc55(2),doc63(1),doc74(1),doc79(1),doc82(1),doc84(1),doc85(1),
"accentu" : TotalFreq : 1
doc50(1),
"accompani" : TotalFreq : 5
doc41(1),doc53(1),doc66(2),doc72(1),
"account" : TotalFreq : 3
doc47(1),doc50(1),doc72(1),
"accret" : TotalFreq : 1
doc60(1),
"accru" : TotalFreq : 1
doc89(1),
"accumu" : TotalFreq : 1
doc39(1),
"accumul" : TotalFreq : 2
doc39(2),
"accur" : TotalFreq : 3
doc33(1),doc62(1),doc85(1),
"acet" : TotalFreq : 4
doc63(1),doc77(3),
"aceton" : TotalFreq : 2
doc63(2),
"acetyl" : TotalFreq : 3
doc65(3),
"acetylcholin" : TotalFreq : 4
doc5(4),
"acetylselenocholin" : TotalFreq : 3
doc5(3),
"acetylthiocholin" : TotalFreq : 5
doc5(5),
"acetyselenocholin" : TotalFreq : 1
doc5(1),
"achiev" : TotalFreq : 3
doc4(1),doc28(1),doc43(1),
"achondroplast" : TotalFreq : 2
doc61(2),
"acid" : TotalFreq : 36
doc6(2),doc12(1),doc18(2),doc36(1),doc37(3),doc39(1),doc42(1),doc46(2),doc53(1),doc63(1),doc65(2),doc66(5),doc71(1),doc79(10),doc80(1),doc85(2),
"acquir" : TotalFreq : 1
doc66(1),
"acquisit" : TotalFreq : 4
doc60(1),doc95(1),doc98(2),
"acro" : TotalFreq : 1
doc62(1),
"acromegal" : TotalFreq : 1
doc62(1),
"acromegali" : TotalFreq : 3
doc62(1),doc83(1),doc86(1),
"across" : TotalFreq : 1
doc2(1),
"act" : TotalFreq : 7
doc2(1),doc12(1),doc15(1),doc43(1),doc73(1),doc85(1),doc93(1),
"action" : TotalFreq : 32
doc2(1),doc4(1),doc5(1),doc7(3),doc16(1),doc27(1),doc35(1),doc36(2),doc38(3),doc40(1),doc54(1),doc59(1),doc64(3),doc69(1),doc70(1),doc80(2),doc84(1),doc85(2),doc93(5),
"activ" : TotalFreq : 43
doc2(4),doc4(4),doc5(1),doc6(3),doc13(1),doc14(1),doc22(5),doc24(1),doc39(1),doc42(2),doc47(1),doc54(5),doc58(1),doc60(1),doc62(2),doc70(3),doc74(1),doc75(2),doc76(2),doc80(1),doc93(1),
"acut" : TotalFreq : 4
doc3(1),doc33(1),doc48(1),doc86(1),
"ad" : TotalFreq : 6
doc3(1),doc34(1),doc41(1),doc42(1),doc52(1),doc94(1),
"adam" : TotalFreq : 1
doc91(1),
"adapt" : TotalFreq : 2
doc93(1),doc102(1),
"addit" : TotalFreq : 8
doc5(1),doc18(1),doc25(1),doc36(1),doc38(1),doc40(1),doc70(1),doc72(1),
"adenocarcinoma" : TotalFreq : 2
doc27(2),
"adenohypophys" : TotalFreq : 1
doc56(1),
"adenohypophysi" : TotalFreq : 1
doc54(1),
"adenoma" : TotalFreq : 4
doc30(1),doc44(2),doc57(1),
"adenophypophysi" : TotalFreq : 1
doc56(1),
"adenoviru" : TotalFreq : 4
doc26(4),
"adequ" : TotalFreq : 1
doc96(1),
"adh" : TotalFreq : 3
doc72(3),
"adipos" : TotalFreq : 3
doc64(2),doc66(1),
"adjac" : TotalFreq : 1
doc27(1),
"administ" : TotalFreq : 6
doc39(1),doc54(1),doc78(1),doc81(2),doc94(1),
"administr" : TotalFreq : 27
doc38(1),doc39(1),doc40(1),doc43(1),doc46(1),doc47(1),doc49(3),doc50(1),doc62(1),doc65(2),doc66(4),doc69(1),doc75(2),doc76(1),doc78(2),doc86(2),doc88(2),
"administra" : TotalFreq : 1
doc65(1),
"admit" : TotalFreq : 1
doc94(1),
"adopt" : TotalFreq : 1
doc24(1),
"adren" : TotalFreq : 3
doc8(1),doc63(1),doc77(1),
"adrenocort" : TotalFreq : 1
doc78(1),
"adrenocorticotropin" : TotalFreq : 1
doc77(1),
"adsorpt" : TotalFreq : 2
doc34(1),doc42(1),
"adult" : TotalFreq : 7
doc10(1),doc14(2),doc19(1),doc21(1),doc56(1),doc90(1),
"advanc" : TotalFreq : 4
doc60(1),doc67(2),doc102(1),
"advent" : TotalFreq : 1
doc83(1),
"advers" : TotalFreq : 1
doc63(1),
"advoc" : TotalFreq : 1
doc88(1),
"aetiolog" : TotalFreq : 2
doc34(1),doc78(1),
"affect" : TotalFreq : 4
doc18(1),doc47(1),doc52(1),doc85(1),
"after" : TotalFreq : 48
doc3(1),doc10(1),doc14(3),doc17(1),doc18(1),doc19(1),doc20(1),doc21(1),doc24(2),doc25(2),doc27(1),doc28(1),doc30(1),doc32(4),doc39(4),doc40(1),doc42(1),doc46(1),doc47(2),doc50(2),doc52(1),doc54(3),doc55(1),doc57(1),doc65(1),doc68(1),doc69(1),doc73(2),doc78(2),doc86(1),doc88(1),doc92(1),
"ag" : TotalFreq : 10
doc19(3),doc61(1),doc74(1),doc90(1),doc94(2),doc96(1),doc99(1),
"again" : TotalFreq : 1
doc22(1),
"against" : TotalFreq : 21
doc13(1),doc14(4),doc16(2),doc17(1),doc21(1),doc23(3),doc25(1),doc27(2),doc43(2),doc66(1),doc74(3),
"agar" : TotalFreq : 2
doc25(1),doc27(1),
"agent" : TotalFreq : 4
doc13(1),doc59(1),doc62(1),doc68(1),
"agglutin" : TotalFreq : 1
doc18(1),
"ago" : TotalFreq : 1
doc94(1),
"agre" : TotalFreq : 1
doc85(1),
"air" : TotalFreq : 1
doc5(1),
"al" : TotalFreq : 2
doc36(1),doc73(1),
"albino" : TotalFreq : 1
doc46(1),
"albright" : TotalFreq : 1
doc41(1),
"albumin" : TotalFreq : 2
doc65(1),doc80(1),
"alkali" : TotalFreq : 1
doc82(1),
"alkalin" : TotalFreq : 2
doc37(2),
"alkalosi" : TotalFreq : 3
doc48(3),
"alkyl" : TotalFreq : 1
doc32(1),
"all" : TotalFreq : 23
doc20(1),doc21(2),doc35(2),doc36(1),doc47(1),doc55(1),doc60(1),doc69(1),doc71(3),doc75(2),doc78(1),doc82(1),doc90(2),doc97(1),doc99(2),doc100(1),
"allison" : TotalFreq : 1
doc18(1),
"allograft" : TotalFreq : 4
doc14(4),
"alloxan" : TotalFreq : 5
doc7(1),doc56(3),doc76(1),
"almost" : TotalFreq : 3
doc20(1),doc60(1),doc99(1),
"alon" : TotalFreq : 3
doc2(1),doc33(1),doc82(1),
"along" : TotalFreq : 1
doc90(1),
"alreadi" : TotalFreq : 1
doc30(1),
"also" : TotalFreq : 22
doc2(1),doc13(1),doc14(1),doc17(1),doc19(2),doc35(1),doc36(1),doc49(1),doc50(1),doc52(1),doc54(1),doc61(1),doc66(1),doc71(1),doc74(1),doc78(1),doc81(1),doc82(1),doc85(1),doc86(1),doc93(1),
"alter" : TotalFreq : 10
doc9(1),doc17(1),doc29(1),doc38(1),doc62(1),doc65(1),doc75(1),doc79(1),doc81(1),doc85(1),
"altern" : TotalFreq : 3
doc33(1),doc54(1),doc63(1),
"although" : TotalFreq : 8
doc28(1),doc43(1),doc54(2),doc77(1),doc79(1),doc83(1),doc84(1),
"aluminium" : TotalFreq : 3
doc42(3),
"alveoli" : TotalFreq : 2
doc73(2),
"alwai" : TotalFreq : 2
doc22(1),doc48(1),
"amin" : TotalFreq : 1
doc57(1),
"amino" : TotalFreq : 11
doc36(1),doc66(2),doc79(6),doc85(2),
"aminocyclopentanecarboxyl" : TotalFreq : 3
doc79(3),
"aminoisobutyr" : TotalFreq : 1
doc79(1),
"ammon" : TotalFreq : 1
doc70(1),
"ammonium" : TotalFreq : 1
doc70(1),
"among" : TotalFreq : 1
doc42(1),
"amount" : TotalFreq : 7
doc0(1),doc43(1),doc56(2),doc73(1),doc77(1),doc80(1),
"ampl" : TotalFreq : 1
doc84(1),
"ampli" : TotalFreq : 1
doc32(1),
"ampoul" : TotalFreq : 2
doc32(2),
"anabol" : TotalFreq : 2
doc33(1),doc75(1),
"anali" : TotalFreq : 1
doc20(1),
"analog" : TotalFreq : 4
doc5(2),doc13(1),doc29(1),
"analogu" : TotalFreq : 3
doc6(1),doc8(1),doc12(1),
"analysi" : TotalFreq : 4
doc20(1),doc24(1),doc30(1),doc36(1),
"anaphylact" : TotalFreq : 3
doc15(3),
"anatom" : TotalFreq : 1
doc45(1),
"anc" : TotalFreq : 1
doc50(1),
"androgen" : TotalFreq : 1
doc62(1),
"angiopathi" : TotalFreq : 1
doc83(1),
"ani" : TotalFreq : 13
doc30(1),doc36(1),doc49(2),doc55(1),doc69(2),doc75(1),doc80(1),doc82(3),doc84(1),
"anim" : TotalFreq : 20
doc3(2),doc8(1),doc13(3),doc19(1),doc27(1),doc43(1),doc47(2),doc49(2),doc56(1),doc65(1),doc83(1),doc85(1),doc91(1),doc93(2),
"anod" : TotalFreq : 2
doc42(2),
"anoth" : TotalFreq : 6
doc17(1),doc21(1),doc36(1),doc50(1),doc61(1),doc71(1),
"answer" : TotalFreq : 1
doc80(1),
"antagon" : TotalFreq : 2
doc80(2),
"antagonist" : TotalFreq : 1
doc80(1),
"anterior" : TotalFreq : 2
doc44(1),doc80(1),
"anti" : TotalFreq : 10
doc18(1),doc22(1),doc26(1),doc28(1),doc32(1),doc55(4),doc65(1),
"antibodi" : TotalFreq : 16
doc19(1),doc22(1),doc26(1),doc27(6),doc55(1),doc66(1),doc74(5),
"anticholinesteras" : TotalFreq : 1
doc5(1),
"anticip" : TotalFreq : 1
doc93(1),
"antidot" : TotalFreq : 1
doc32(1),
"antigen" : TotalFreq : 57
doc14(4),doc15(5),doc16(1),doc17(2),doc18(11),doc19(1),doc20(5),doc21(1),doc23(6),doc25(7),doc26(6),doc27(3),doc28(4),doc65(1),
"antioxid" : TotalFreq : 1
doc12(1),
"antisera" : TotalFreq : 3
doc25(3),
"antiserum" : TotalFreq : 5
doc18(1),doc26(1),doc55(3),
"anyth" : TotalFreq : 1
doc97(1),
"aphas" : TotalFreq : 3
doc94(3),
"aphasia" : TotalFreq : 2
doc89(2),
"appar" : TotalFreq : 4
doc5(1),doc36(1),doc75(1),doc93(1),
"appear" : TotalFreq : 21
doc1(1),doc2(1),doc8(1),doc21(1),doc26(1),doc27(3),doc32(1),doc50(1),doc54(1),doc65(1),doc67(1),doc75(1),doc78(1),doc81(1),doc85(2),doc88(2),doc94(1),
"appli" : TotalFreq : 3
doc40(1),doc42(1),doc96(1),
"applic" : TotalFreq : 2
doc13(1),doc28(1),
"appreci" : TotalFreq : 1
doc0(1),
"approach" : TotalFreq : 3
doc28(1),doc44(1),doc100(1),
"appropri" : TotalFreq : 1
doc34(1),
"approx" : TotalFreq : 2
doc18(2),
"approxim" : TotalFreq : 2
doc5(1),doc15(1),
"april" : TotalFreq : 1
doc96(1),
"aqueou" : TotalFreq : 1
doc63(1),
"area" : TotalFreq : 2
doc1(1),doc56(1),
"arginin" : TotalFreq : 1
doc54(1),
"argu" : TotalFreq : 2
doc89(2),
"argument" : TotalFreq : 1
doc83(1),
"aris" : TotalFreq : 2
doc28(1),doc97(1),
"armour" : TotalFreq : 1
doc84(1),
"arrest" : TotalFreq : 3
doc29(3),
"arsen" : TotalFreq : 1
doc13(1),
"articl" : TotalFreq : 2
doc13(1),doc90(1),
"artifici" : TotalFreq : 1
doc34(1),
"ascertain" : TotalFreq : 1
doc80(1),
"ascit" : TotalFreq : 2
doc18(2),
"ascorb" : TotalFreq : 2
doc46(2),
"ash" : TotalFreq : 1
doc31(1),
"asoci" : TotalFreq : 1
doc93(1),
"aspect" : TotalFreq : 2
doc99(1),doc100(1),
"assai" : TotalFreq : 6
doc18(1),doc56(1),doc62(1),doc70(1),doc86(1),doc88(1),
"assess" : TotalFreq : 1
doc96(1),
"associ" : TotalFreq : 11
doc2(1),doc19(1),doc37(1),doc41(1),doc47(1),doc54(1),doc56(1),doc58(1),doc81(1),doc83(1),doc86(1),
"assum" : TotalFreq : 1
doc88(1),
"astrocytoma" : TotalFreq : 1
doc87(1),
"asynton" : TotalFreq : 1
doc93(1),
"atp" : TotalFreq : 2
doc33(1),doc36(1),
"atpas" : TotalFreq : 1
doc36(1),
"atractylosid" : TotalFreq : 4
doc4(4),
"atroph" : TotalFreq : 1
doc7(1),
"atrophi" : TotalFreq : 3
doc9(1),doc29(1),doc77(1),
"attach" : TotalFreq : 1
doc65(1),
"attack" : TotalFreq : 1
doc89(1),
"attempt" : TotalFreq : 5
doc7(1),doc25(1),doc40(1),doc60(1),doc62(1),
"attent" : TotalFreq : 2
doc89(1),doc93(1),
"attract" : TotalFreq : 2
doc42(1),doc80(1),
"attribut" : TotalFreq : 2
doc5(1),doc48(1),
"author" : TotalFreq : 6
doc0(1),doc28(1),doc34(1),doc88(1),doc90(1),doc94(1),
"auto" : TotalFreq : 1
doc73(1),
"autochthon" : TotalFreq : 1
doc16(1),
"autogen" : TotalFreq : 1
doc17(1),
"autolog" : TotalFreq : 1
doc43(1),
"automat" : TotalFreq : 1
doc32(1),
"autotranspl" : TotalFreq : 3
doc73(3),
"autul" : TotalFreq : 1
doc32(1),
"avail" : TotalFreq : 11
doc13(2),doc59(1),doc62(1),doc66(1),doc72(1),doc90(3),doc94(1),doc99(1),
"averag" : TotalFreq : 6
doc3(1),doc52(1),doc54(1),doc74(3),
"awar" : TotalFreq : 2
doc85(1),doc90(1),
"b" : TotalFreq : 8
doc37(2),doc42(4),doc78(1),doc79(1),
"b1" : TotalFreq : 1
doc20(1),
"b2" : TotalFreq : 1
doc20(1),
"babi" : TotalFreq : 5
doc91(2),doc93(3),
"back" : TotalFreq : 1
doc21(1),
"balanc" : TotalFreq : 10
doc33(4),doc35(1),doc47(1),doc54(1),doc69(2),doc75(1),
"bare" : TotalFreq : 1
doc94(1),
"barrier" : TotalFreq : 2
doc21(2),
"basal" : TotalFreq : 1
doc62(1),
"base" : TotalFreq : 6
doc18(1),doc30(1),doc34(1),doc52(1),doc76(1),doc89(1),
"basic" : TotalFreq : 3
doc18(1),doc36(1),doc42(1),
"be" : TotalFreq : 7
doc13(1),doc18(1),doc22(1),doc25(1),doc32(1),doc62(1),doc78(1),
"bear" : TotalFreq : 4
doc26(1),doc77(3),
"becam" : TotalFreq : 2
doc61(1),doc94(1),
"becaus" : TotalFreq : 4
doc42(1),doc50(1),doc84(1),doc88(1),
"becom" : TotalFreq : 4
doc23(1),doc60(1),doc93(1),doc102(1),
"been" : TotalFreq : 40
doc2(1),doc4(1),doc12(1),doc13(1),doc17(1),doc21(1),doc25(1),doc27(2),doc29(1),doc33(3),doc34(2),doc40(1),doc41(1),doc47(2),doc48(1),doc49(2),doc50(1),doc51(1),doc55(3),doc60(1),doc66(1),doc73(1),doc74(1),doc76(2),doc79(1),doc80(1),doc81(1),doc83(1),doc85(2),doc86(1),
"befor" : TotalFreq : 6
doc40(1),doc55(1),doc70(1),doc84(1),doc97(1),doc99(1),
"begin" : TotalFreq : 2
doc74(1),doc100(1),
"behavior" : TotalFreq : 5
doc59(1),doc91(1),doc93(2),doc97(1),
"behind" : TotalFreq : 1
doc75(1),
"beim" : TotalFreq : 2
doc30(2),
"believ" : TotalFreq : 1
doc16(1),
"below" : TotalFreq : 3
doc2(1),doc74(2),
"bendrofluazid" : TotalFreq : 1
doc35(1),
"benefici" : TotalFreq : 2
doc2(1),doc54(1),
"benefit" : TotalFreq : 1
doc88(1),
"benzen" : TotalFreq : 1
doc13(1),
"benzpyren" : TotalFreq : 2
doc16(1),doc23(1),
"berson" : TotalFreq : 1
doc86(1),
"best" : TotalFreq : 2
doc45(1),doc102(1),
"better" : TotalFreq : 4
doc21(2),doc90(1),doc102(1),
"between" : TotalFreq : 12
doc7(1),doc13(1),doc14(1),doc21(1),doc49(1),doc51(1),doc66(1),doc85(1),doc89(1),doc93(2),doc94(1),
"bi" : TotalFreq : 2
doc32(1),doc99(1),
"bibliographi" : TotalFreq : 1
doc13(1),
"bicarbon" : TotalFreq : 1
doc35(1),
"big" : TotalFreq : 1
doc97(1),
"bilater" : TotalFreq : 1
doc43(1),
"biliti" : TotalFreq : 1
doc28(1),
"biliz" : TotalFreq : 1
doc66(1),
"bind" : TotalFreq : 5
doc3(1),doc34(2),doc55(2),
"bio" : TotalFreq : 1
doc29(1),
"bioassai" : TotalFreq : 2
doc36(1),doc76(1),
"biochemist" : TotalFreq : 1
doc85(1),
"biochemistri" : TotalFreq : 1
doc67(1),
"biolog" : TotalFreq : 11
doc2(3),doc12(1),doc13(2),doc36(3),doc65(1),doc74(1),
"biosynthesi" : TotalFreq : 3
doc11(1),doc38(1),doc85(1),
"biphas" : TotalFreq : 1
doc49(1),
"birth" : TotalFreq : 5
doc19(1),doc84(1),doc99(2),doc100(1),
"birthdai" : TotalFreq : 1
doc99(1),
"bladder" : TotalFreq : 1
doc37(1),
"bled" : TotalFreq : 1
doc27(1),
"blind" : TotalFreq : 1
doc83(1),
"block" : TotalFreq : 3
doc18(1),doc32(1),doc62(1),
"blood" : TotalFreq : 16
doc2(1),doc29(3),doc32(2),doc39(1),doc48(1),doc52(1),doc56(1),doc58(2),doc78(1),doc80(1),doc85(1),doc86(1),
"blunt" : TotalFreq : 1
doc62(1),
"bodi" : TotalFreq : 16
doc2(1),doc10(2),doc27(1),doc32(1),doc55(1),doc56(1),doc66(1),doc73(4),doc77(4),
"boil" : TotalFreq : 1
doc42(1),
"bolic" : TotalFreq : 1
doc48(1),
"bone" : TotalFreq : 15
doc3(1),doc47(4),doc67(3),doc69(2),doc81(3),doc82(1),doc87(1),
"boni" : TotalFreq : 1
doc41(1),
"both" : TotalFreq : 28
doc7(1),doc12(1),doc13(1),doc17(1),doc18(1),doc19(1),doc22(2),doc39(1),doc42(1),doc44(2),doc47(1),doc49(1),doc55(1),doc62(1),doc70(1),doc71(1),doc74(1),doc75(1),doc77(1),doc78(1),doc79(2),doc81(1),doc93(1),doc94(1),doc97(1),
"bound" : TotalFreq : 5
doc13(1),doc27(2),doc58(1),doc80(1),
"bovin" : TotalFreq : 8
doc15(1),doc54(2),doc65(4),doc79(1),
"boyc" : TotalFreq : 2
doc34(2),
"bp" : TotalFreq : 1
doc23(1),
"brain" : TotalFreq : 2
doc10(1),doc47(1),
"breech" : TotalFreq : 1
doc99(1),
"bring" : TotalFreq : 1
doc67(1),
"broad" : TotalFreq : 1
doc28(1),
"bromobenzen" : TotalFreq : 1
doc13(1),
"brought" : TotalFreq : 1
doc50(1),
"buccal" : TotalFreq : 1
doc43(1),
"build" : TotalFreq : 2
doc94(2),
"bulk" : TotalFreq : 1
doc39(1),
"byg" : TotalFreq : 3
doc15(3),
"c" : TotalFreq : 2
doc65(2),
"c1" : TotalFreq : 1
doc36(1),
"c14" : TotalFreq : 2
doc79(2),
"c2" : TotalFreq : 1
doc36(1),
"c57bl" : TotalFreq : 2
doc19(1),doc23(1),
"ca" : TotalFreq : 3
doc32(1),doc42(1),doc52(1),
"ca15" : TotalFreq : 3
doc47(3),
"ca45" : TotalFreq : 1
doc47(1),
"cadmium" : TotalFreq : 1
doc13(1),
"calcif" : TotalFreq : 3
doc38(1),doc43(2),
"calciphi" : TotalFreq : 1
doc43(1),
"calciphylact" : TotalFreq : 2
doc43(2),
"calciphylaxi" : TotalFreq : 1
doc43(1),
"calcitonin" : TotalFreq : 1
doc67(1),
"calcium" : TotalFreq : 24
doc29(1),doc30(1),doc31(2),doc33(6),doc35(3),doc47(2),doc49(7),doc67(1),doc69(1),
"calciur" : TotalFreq : 1
doc69(1),
"calculi" : TotalFreq : 1
doc34(1),
"calculu" : TotalFreq : 4
doc34(4),
"call" : TotalFreq : 2
doc63(1),doc93(1),
"cameron" : TotalFreq : 1
doc67(1),
"can" : TotalFreq : 20
doc7(1),doc13(1),doc27(1),doc31(1),doc32(1),doc42(1),doc43(2),doc49(1),doc51(1),doc64(1),doc70(1),doc80(1),doc84(1),doc89(1),doc90(1),doc91(1),doc93(1),doc96(1),doc101(1),
"canada" : TotalFreq : 1
doc90(1),
"canadian" : TotalFreq : 2
doc90(2),
"cancer" : TotalFreq : 18
doc15(1),doc20(1),doc25(1),doc27(12),doc28(3),
"canin" : TotalFreq : 1
doc17(1),
"cannot" : TotalFreq : 3
doc50(1),doc64(1),doc75(1),
"cap" : TotalFreq : 2
doc81(2),
"capabl" : TotalFreq : 2
doc1(1),doc21(1),
"capac" : TotalFreq : 5
doc15(1),doc19(1),doc42(1),doc55(1),doc73(1),
"capsid" : TotalFreq : 4
doc18(4),
"capsul" : TotalFreq : 4
doc42(1),doc73(3),
"carbohydr" : TotalFreq : 2
doc66(2),
"carcino" : TotalFreq : 1
doc28(1),
"carcinogen" : TotalFreq : 1
doc68(1),
"carcinogenesi" : TotalFreq : 2
doc28(2),
"carcinoma" : TotalFreq : 8
doc17(2),doc20(1),doc27(3),doc41(2),
"cardiovascular" : TotalFreq : 2
doc43(2),
"care" : TotalFreq : 4
doc89(2),doc93(2),
"carefulli" : TotalFreq : 1
doc88(1),
"carenc" : TotalFreq : 1
doc29(1),
"cari" : TotalFreq : 3
doc0(1),doc1(2),
"carp" : TotalFreq : 1
doc54(1),
"carri" : TotalFreq : 9
doc2(1),doc15(1),doc25(1),doc30(1),doc38(1),doc48(1),doc50(1),doc71(2),
"carrier" : TotalFreq : 1
doc2(1),
"cartilag" : TotalFreq : 7
doc56(2),doc66(1),doc73(1),doc81(3),
"case" : TotalFreq : 26
doc13(1),doc17(1),doc20(3),doc27(1),doc35(1),doc37(1),doc42(1),doc44(1),doc58(1),doc75(1),doc85(1),doc87(1),doc93(1),doc96(2),doc99(7),doc101(1),doc102(1),
"cast" : TotalFreq : 1
doc38(1),
"catch" : TotalFreq : 1
doc74(1),
"catechol" : TotalFreq : 1
doc57(1),
"categori" : TotalFreq : 1
doc72(1),
"cau" : TotalFreq : 1
doc52(1),
"caudal" : TotalFreq : 1
doc54(1),
"caus" : TotalFreq : 12
doc7(1),doc11(1),doc12(1),doc29(1),doc32(1),doc35(1),doc37(1),doc38(1),doc54(1),doc74(2),doc93(1),
"causal" : TotalFreq : 1
doc89(1),
"ceiv" : TotalFreq : 2
doc38(1),doc71(1),
"celebr" : TotalFreq : 1
doc94(1),
"cell" : TotalFreq : 43
doc2(2),doc6(4),doc14(2),doc16(2),doc18(8),doc19(1),doc21(1),doc24(2),doc25(1),doc26(5),doc27(2),doc28(4),doc39(1),doc41(1),doc48(1),doc60(2),doc66(1),doc85(3),
"cellular" : TotalFreq : 1
doc28(1),
"cellulos" : TotalFreq : 1
doc35(1),
"cent" : TotalFreq : 6
doc37(1),doc46(1),doc52(1),doc63(1),doc99(2),
"center" : TotalFreq : 2
doc9(1),doc75(1),
"centrat" : TotalFreq : 1
doc48(1),
"cerebr" : TotalFreq : 1
doc94(1),
"certain" : TotalFreq : 9
doc13(1),doc27(1),doc32(1),doc33(1),doc42(1),doc53(1),doc76(1),doc85(1),doc93(1),
"certainli" : TotalFreq : 3
doc30(1),doc74(1),doc80(1),
"chain" : TotalFreq : 1
doc93(1),
"challeng" : TotalFreq : 2
doc15(2),
"chamber" : TotalFreq : 1
doc19(1),
"chanc" : TotalFreq : 1
doc34(1),
"chang" : TotalFreq : 24
doc9(3),doc21(1),doc27(1),doc29(1),doc32(1),doc33(2),doc43(1),doc49(1),doc50(1),doc69(1),doc78(2),doc79(2),doc81(2),doc86(1),doc93(2),doc94(1),doc102(1),
"charac" : TotalFreq : 1
doc29(1),
"charact" : TotalFreq : 3
doc21(3),
"character" : TotalFreq : 4
doc9(1),doc21(1),doc25(1),doc80(1),
"characteri" : TotalFreq : 1
doc69(1),
"characterist" : TotalFreq : 3
doc20(1),doc87(1),doc99(1),
"chemic" : TotalFreq : 8
doc2(1),doc28(1),doc29(1),doc36(1),doc59(1),doc68(1),doc82(2),
"chez" : TotalFreq : 1
doc29(1),
"chiasm" : TotalFreq : 1
doc87(1),
"chick" : TotalFreq : 3
doc2(1),doc11(2),
"chicken" : TotalFreq : 2
doc14(2),
"chiefli" : TotalFreq : 1
doc0(1),
"child" : TotalFreq : 11
doc58(2),doc89(1),doc92(1),doc93(1),doc98(1),doc99(1),doc100(1),doc101(2),doc102(1),
"childhood" : TotalFreq : 2
doc87(1),doc89(1),
"children" : TotalFreq : 28
doc1(1),doc74(2),doc78(2),doc88(1),doc89(2),doc90(2),doc92(1),doc93(1),doc94(10),doc95(1),doc97(2),doc98(1),doc100(1),doc101(1),
"chlorid" : TotalFreq : 3
doc42(1),doc46(1),doc63(1),
"chlorothiazid" : TotalFreq : 1
doc35(1),
"choic" : TotalFreq : 1
doc37(1),
"cholanthren" : TotalFreq : 1
doc68(1),
"cholesterol" : TotalFreq : 4
doc29(2),doc78(2),
"cholin" : TotalFreq : 2
doc5(2),
"cholineselenol" : TotalFreq : 1
doc5(1),
"cholinethiol" : TotalFreq : 1
doc5(1),
"chondrogenesi" : TotalFreq : 1
doc29(1),
"chondroitin" : TotalFreq : 2
doc11(2),
"chro" : TotalFreq : 1
doc75(1),
"chromium" : TotalFreq : 2
doc13(1),doc33(1),
"chronic" : TotalFreq : 3
doc7(1),doc27(1),doc29(1),
"cient" : TotalFreq : 1
doc49(1),
"circul" : TotalFreq : 1
doc39(1),
"cirrhosi" : TotalFreq : 1
doc7(1),
"citi" : TotalFreq : 1
doc90(1),
"class" : TotalFreq : 1
doc1(1),
"classic" : TotalFreq : 1
doc83(1),
"classif" : TotalFreq : 1
doc20(1),
"clastin" : TotalFreq : 1
doc82(1),
"clear" : TotalFreq : 3
doc14(1),doc30(1),doc34(1),
"clearanc" : TotalFreq : 4
doc30(3),doc78(1),
"cleft" : TotalFreq : 3
doc92(1),doc102(2),
"clinic" : TotalFreq : 7
doc45(1),doc52(1),doc55(1),doc63(1),doc92(1),doc93(1),doc99(1),
"cloakroom" : TotalFreq : 1
doc94(1),
"close" : TotalFreq : 3
doc2(1),doc34(1),doc93(1),
"cm" : TotalFreq : 3
doc18(1),doc55(2),
"co" : TotalFreq : 1
doc18(1),
"co2" : TotalFreq : 1
doc48(1),
"cobalt" : TotalFreq : 1
doc13(1),
"cocorticoid" : TotalFreq : 1
doc52(1),
"code" : TotalFreq : 1
doc98(1),
"coeffici" : TotalFreq : 2
doc18(2),
"cold" : TotalFreq : 1
doc63(1),
"coliti" : TotalFreq : 1
doc27(1),
"collagen" : TotalFreq : 2
doc82(2),
"colleagu" : TotalFreq : 2
doc34(1),doc78(1),
"collect" : TotalFreq : 1
doc1(1),
"colloid" : TotalFreq : 1
doc34(1),
"colon" : TotalFreq : 7
doc27(7),
"coma" : TotalFreq : 1
doc14(1),
"combin" : TotalFreq : 2
doc2(1),doc84(1),
"comfortless" : TotalFreq : 1
doc94(1),
"common" : TotalFreq : 2
doc9(1),doc14(1),
"commonli" : TotalFreq : 1
doc89(1),
"commun" : TotalFreq : 7
doc90(4),doc93(1),doc95(1),doc101(1),
"compar" : TotalFreq : 15
doc5(2),doc6(1),doc21(1),doc29(1),doc30(1),doc33(1),doc48(1),doc49(1),doc52(1),doc54(1),doc55(1),doc58(1),doc65(1),doc71(1),
"comparini" : TotalFreq : 1
doc50(1),
"comparison" : TotalFreq : 3
doc3(1),doc21(1),doc90(1),
"compartment" : TotalFreq : 1
doc100(1),
"compendium" : TotalFreq : 1
doc13(1),
"compet" : TotalFreq : 2
doc19(1),doc102(1),
"competit" : TotalFreq : 1
doc102(1),
"complement" : TotalFreq : 2
doc33(1),doc63(1),
"complet" : TotalFreq : 8
doc17(1),doc36(1),doc44(1),doc64(1),doc84(1),doc93(3),
"complex" : TotalFreq : 3
doc46(1),doc47(1),doc89(1),
"complic" : TotalFreq : 1
doc99(1),
"compon" : TotalFreq : 1
doc22(1),
"composit" : TotalFreq : 4
doc57(1),doc82(3),
"compound" : TotalFreq : 6
doc2(1),doc6(3),doc8(1),doc68(1),
"comprehens" : TotalFreq : 1
doc89(1),
"con" : TotalFreq : 2
doc28(1),doc48(1),
"concentr" : TotalFreq : 17
doc10(1),doc15(2),doc21(3),doc27(1),doc48(3),doc65(1),doc66(2),doc69(1),doc70(1),doc79(1),doc86(1),
"concentra" : TotalFreq : 4
doc15(1),doc32(1),doc49(1),doc55(1),
"concentrat" : TotalFreq : 1
doc18(1),
"concept" : TotalFreq : 1
doc19(1),
"concern" : TotalFreq : 1
doc59(1),
"conclud" : TotalFreq : 6
doc15(1),doc18(1),doc43(1),doc56(1),doc64(1),doc69(1),
"conclus" : TotalFreq : 1
doc88(1),
"concomitantli" : TotalFreq : 1
doc69(1),
"concret" : TotalFreq : 1
doc34(1),
"condit" : TotalFreq : 6
doc33(2),doc37(1),doc40(1),doc62(1),doc79(1),
"confirm" : TotalFreq : 2
doc78(1),doc80(1),
"confus" : TotalFreq : 1
doc89(1),
"congenit" : TotalFreq : 2
doc92(1),doc102(1),
"congest" : TotalFreq : 1
doc9(1),
"conn" : TotalFreq : 1
doc50(1),
"connect" : TotalFreq : 1
doc93(1),
"consequ" : TotalFreq : 1
doc93(1),
"consid" : TotalFreq : 7
doc1(1),doc28(1),doc47(1),doc50(1),doc91(1),doc95(1),doc100(1),
"consider" : TotalFreq : 9
doc13(2),doc28(1),doc51(1),doc59(1),doc72(1),doc73(1),doc78(1),doc79(1),
"consist" : TotalFreq : 9
doc9(2),doc42(1),doc69(1),doc85(1),doc93(4),
"constant" : TotalFreq : 3
doc71(1),doc78(1),doc98(1),
"constitut" : TotalFreq : 1
doc75(1),
"consult" : TotalFreq : 1
doc101(1),
"consumpt" : TotalFreq : 1
doc10(1),
"contact" : TotalFreq : 1
doc93(1),
"contain" : TotalFreq : 14
doc0(1),doc2(1),doc14(1),doc18(1),doc22(1),doc23(2),doc26(1),doc39(1),doc54(2),doc56(2),doc94(1),
"content" : TotalFreq : 11
doc0(1),doc1(2),doc23(1),doc48(1),doc49(1),doc54(1),doc56(1),doc71(1),doc82(2),
"context" : TotalFreq : 1
doc15(1),
"continu" : TotalFreq : 6
doc30(1),doc33(1),doc61(1),doc92(2),doc94(1),
"contradictori" : TotalFreq : 1
doc5(1),
"contrari" : TotalFreq : 1
doc50(1),
"contrast" : TotalFreq : 3
doc5(1),doc18(1),doc49(1),
"contribut" : TotalFreq : 2
doc30(1),doc84(1),
"control" : TotalFreq : 23
doc17(1),doc20(1),doc35(1),doc43(1),doc46(2),doc50(2),doc56(1),doc66(1),doc71(5),doc73(1),doc78(1),doc82(1),doc83(2),doc85(1),doc93(1),doc97(1),
"convers" : TotalFreq : 2
doc21(1),doc43(1),
"copp" : TotalFreq : 1
doc67(1),
"correct" : TotalFreq : 2
doc34(1),doc44(1),
"correl" : TotalFreq : 2
doc66(1),doc75(1),
"cortico" : TotalFreq : 1
doc64(1),
"corticosteroid" : TotalFreq : 1
doc52(1),
"corticotropin" : TotalFreq : 3
doc63(1),doc64(1),doc80(1),
"cortisol" : TotalFreq : 6
doc52(2),doc64(1),doc77(3),
"cortison" : TotalFreq : 2
doc17(1),doc35(1),
"cosmet" : TotalFreq : 1
doc102(1),
"could" : TotalFreq : 14
doc8(1),doc14(3),doc18(1),doc20(2),doc21(1),doc27(1),doc40(1),doc45(1),doc50(1),doc68(1),doc74(1),
"cours" : TotalFreq : 4
doc28(1),doc44(1),doc50(2),
"cow" : TotalFreq : 3
doc39(3),
"creas" : TotalFreq : 6
doc47(2),doc48(1),doc49(1),doc69(1),doc75(1),
"creat" : TotalFreq : 1
doc98(1),
"creatin" : TotalFreq : 1
doc75(1),
"creatinuria" : TotalFreq : 1
doc75(1),
"crippl" : TotalFreq : 1
doc102(1),
"crisi" : TotalFreq : 1
doc44(1),
"criteria" : TotalFreq : 2
doc88(1),doc100(1),
"critic" : TotalFreq : 1
doc101(1),
"cross" : TotalFreq : 2
doc27(2),
"crude" : TotalFreq : 3
doc55(1),doc56(1),doc64(1),
"crystal" : TotalFreq : 4
doc34(4),
"crystallin" : TotalFreq : 1
doc34(1),
"cul" : TotalFreq : 1
doc18(1),
"cular" : TotalFreq : 1
doc17(1),
"culti" : TotalFreq : 1
doc42(1),
"cultur" : TotalFreq : 3
doc26(3),
"cumul" : TotalFreq : 3
doc56(1),doc93(2),
"current" : TotalFreq : 4
doc28(1),doc72(1),doc89(2),
"curv" : TotalFreq : 1
doc19(1),
"cut" : TotalFreq : 1
doc14(1),
"cycl" : TotalFreq : 3
doc93(3),
"cyclopentanecarboxyl" : TotalFreq : 1
doc79(1),
"cystin" : TotalFreq : 1
doc12(1),
"cystiti" : TotalFreq : 4
doc37(4),
"cytoma" : TotalFreq : 2
doc57(2),
"cytopath" : TotalFreq : 1
doc26(1),
"cytoplasm" : TotalFreq : 1
doc18(1),
"cytotox" : TotalFreq : 2
doc6(2),
"d" : TotalFreq : 15
doc2(2),doc30(2),doc33(3),doc49(8),
"dai" : TotalFreq : 41
doc3(1),doc11(1),doc19(4),doc21(1),doc27(1),doc34(1),doc39(1),doc42(1),doc47(1),doc50(2),doc52(2),doc54(6),doc56(1),doc58(2),doc63(1),doc64(1),doc71(5),doc73(1),doc74(2),doc76(1),doc78(2),doc82(2),doc91(1),
"daili" : TotalFreq : 8
doc3(1),doc10(1),doc54(2),doc71(2),doc73(1),doc78(1),
"damag" : TotalFreq : 2
doc43(1),doc93(1),
"data" : TotalFreq : 6
doc38(2),doc47(2),doc97(1),doc99(1),
"date" : TotalFreq : 2
doc36(1),doc67(1),
"daughter" : TotalFreq : 1
doc26(1),
"de" : TotalFreq : 7
doc29(2),doc38(1),doc40(1),doc47(1),doc61(1),doc66(1),
"deaf" : TotalFreq : 2
doc95(2),
"deal" : TotalFreq : 5
doc59(1),doc95(1),doc100(2),doc102(1),
"dealt" : TotalFreq : 1
doc100(1),
"death" : TotalFreq : 3
doc3(1),doc27(1),doc70(1),
"decapit" : TotalFreq : 1
doc84(1),
"decid" : TotalFreq : 1
doc45(1),
"declin" : TotalFreq : 2
doc50(2),
"decod" : TotalFreq : 1
doc97(1),
"decomposit" : TotalFreq : 1
doc12(1),
"decreas" : TotalFreq : 8
doc20(1),doc23(1),doc50(2),doc56(2),doc70(1),doc74(1),
"decrement" : TotalFreq : 1
doc56(1),
"defect" : TotalFreq : 7
doc58(1),doc75(1),doc85(1),doc90(1),doc94(1),doc102(2),
"defici" : TotalFreq : 22
doc19(1),doc29(1),doc47(3),doc49(3),doc58(3),doc73(1),doc74(2),doc78(1),doc85(2),doc88(3),doc97(2),
"defin" : TotalFreq : 1
doc60(1),
"definit" : TotalFreq : 1
doc7(1),
"degen" : TotalFreq : 2
doc9(2),
"degener" : TotalFreq : 1
doc9(1),
"degrad" : TotalFreq : 1
doc18(1),
"degre" : TotalFreq : 2
doc50(1),doc65(1),
"del" : TotalFreq : 1
doc73(1),
"delai" : TotalFreq : 2
doc29(1),doc78(1),
"delet" : TotalFreq : 2
doc28(2),
"delic" : TotalFreq : 1
doc42(1),
"deliveri" : TotalFreq : 2
doc99(2),
"demand" : TotalFreq : 1
doc85(1),
"demon" : TotalFreq : 1
doc14(1),
"demonstr" : TotalFreq : 22
doc7(1),doc14(4),doc20(2),doc24(1),doc26(1),doc27(1),doc28(1),doc35(2),doc40(2),doc47(1),doc51(2),doc55(1),doc86(1),doc87(2),
"dens" : TotalFreq : 1
doc29(1),
"dental" : TotalFreq : 3
doc0(1),doc1(2),
"deoxyribonucl" : TotalFreq : 1
doc71(1),
"depart" : TotalFreq : 2
doc94(2),
"departur" : TotalFreq : 1
doc93(1),
"depend" : TotalFreq : 2
doc27(1),doc95(1),
"deplet" : TotalFreq : 2
doc47(1),doc66(1),
"deposi" : TotalFreq : 1
doc38(1),
"deposit" : TotalFreq : 2
doc3(1),doc82(1),
"depot" : TotalFreq : 1
doc39(1),
"depress" : TotalFreq : 3
doc48(1),doc56(2),
"derail" : TotalFreq : 4
doc93(4),
"deriv" : TotalFreq : 5
doc6(3),doc21(1),doc35(1),
"descend" : TotalFreq : 1
doc10(1),
"describ" : TotalFreq : 7
doc35(1),doc52(1),doc58(1),doc65(1),doc85(1),doc89(1),doc92(1),
"descript" : TotalFreq : 1
doc89(1),
"design" : TotalFreq : 3
doc13(1),doc89(1),doc93(1),
"desir" : TotalFreq : 1
doc85(1),
"desorb" : TotalFreq : 1
doc42(1),
"despit" : TotalFreq : 2
doc55(1),doc83(1),
"destroi" : TotalFreq : 2
doc18(1),doc27(1),
"destruct" : TotalFreq : 3
doc2(1),doc47(1),doc59(1),
"detail" : TotalFreq : 2
doc67(1),doc89(1),
"detect" : TotalFreq : 16
doc15(4),doc18(2),doc21(1),doc22(1),doc24(2),doc25(1),doc26(1),doc27(1),doc66(1),doc95(1),doc101(1),
"deter" : TotalFreq : 1
doc19(1),
"determin" : TotalFreq : 15
doc0(1),doc2(1),doc18(1),doc21(1),doc31(2),doc36(1),doc47(1),doc56(1),doc62(1),doc71(2),doc76(1),doc77(1),doc80(1),
"detriment" : TotalFreq : 1
doc2(1),
"deuteronomist" : TotalFreq : 1
doc91(1),
"develop" : TotalFreq : 21
doc18(1),doc21(1),doc24(1),doc28(1),doc47(1),doc57(1),doc73(3),doc74(2),doc81(1),doc83(1),doc84(2),doc85(1),doc89(1),doc90(1),doc93(3),
"dextrin" : TotalFreq : 2
doc43(2),
"di" : TotalFreq : 3
doc9(1),doc32(1),doc50(1),
"diabet" : TotalFreq : 18
doc56(6),doc59(1),doc66(1),doc72(2),doc80(1),doc83(4),doc85(2),doc86(1),
"diabetogen" : TotalFreq : 3
doc7(1),doc83(2),
"diagnosi" : TotalFreq : 8
doc35(1),doc45(3),doc57(1),doc62(1),doc78(1),doc95(1),
"diagnost" : TotalFreq : 4
doc74(1),doc78(1),doc89(1),doc100(1),
"dialogu" : TotalFreq : 7
doc93(7),
"dichlorid" : TotalFreq : 1
doc32(1),
"did" : TotalFreq : 16
doc11(1),doc18(1),doc26(2),doc30(2),doc38(1),doc49(1),doc50(1),doc55(1),doc69(1),doc71(1),doc73(1),doc82(1),doc91(1),doc94(1),
"diencephal" : TotalFreq : 2
doc87(2),
"diet" : TotalFreq : 3
doc47(1),doc78(1),doc83(1),
"dietari" : TotalFreq : 5
doc2(2),doc35(1),doc49(2),
"diethylstilbestrol" : TotalFreq : 1
doc39(1),
"dif" : TotalFreq : 1
doc20(1),
"differ" : TotalFreq : 20
doc7(2),doc14(3),doc20(1),doc21(4),doc25(1),doc30(1),doc35(1),doc46(1),doc50(2),doc55(1),doc69(1),doc71(1),doc98(1),
"differenti" : TotalFreq : 4
doc28(2),doc44(1),doc78(1),
"diffi" : TotalFreq : 1
doc42(1),
"diffus" : TotalFreq : 5
doc9(1),doc18(1),doc19(1),doc25(1),doc27(1),
"digest" : TotalFreq : 2
doc13(1),doc18(1),
"dilut" : TotalFreq : 3
doc46(1),doc54(1),doc65(1),
"diminish" : TotalFreq : 3
doc56(1),doc75(1),doc80(1),
"din" : TotalFreq : 4
doc43(4),
"direct" : TotalFreq : 7
doc21(1),doc23(1),doc38(1),doc51(1),doc66(1),doc80(1),doc93(1),
"directli" : TotalFreq : 2
doc44(1),doc62(1),
"disabl" : TotalFreq : 1
doc102(1),
"disappear" : TotalFreq : 3
doc20(1),doc39(1),doc86(1),
"disappoint" : TotalFreq : 1
doc96(1),
"disciplin" : TotalFreq : 1
doc28(1),
"discov" : TotalFreq : 1
doc28(1),
"discrimin" : TotalFreq : 2
doc97(2),
"discriminatori" : TotalFreq : 1
doc15(1),
"discuss" : TotalFreq : 11
doc7(1),doc19(1),doc29(1),doc35(2),doc49(1),doc57(1),doc67(1),doc75(1),doc89(1),doc93(1),
"diseas" : TotalFreq : 3
doc13(1),doc30(1),doc45(1),
"diselenid" : TotalFreq : 1
doc5(1),
"disord" : TotalFreq : 3
doc85(1),doc89(1),doc99(1),
"dispens" : TotalFreq : 1
doc93(1),
"distal" : TotalFreq : 1
doc40(1),
"distanc" : TotalFreq : 1
doc97(1),
"distribut" : TotalFreq : 11
doc8(1),doc10(2),doc20(1),doc39(3),doc79(3),doc99(1),
"disturb" : TotalFreq : 4
doc30(1),doc83(1),doc87(1),doc93(1),
"disulfid" : TotalFreq : 1
doc5(1),
"divid" : TotalFreq : 1
doc72(1),
"dna" : TotalFreq : 7
doc27(4),doc71(3),
"dnase" : TotalFreq : 1
doc27(1),
"do" : TotalFreq : 7
doc15(1),doc54(2),doc73(1),doc80(1),doc84(1),doc98(1),
"document" : TotalFreq : 1
doc45(1),
"doe" : TotalFreq : 4
doc5(1),doc50(1),doc85(1),doc88(1),
"dog" : TotalFreq : 9
doc7(1),doc13(1),doc17(1),doc40(2),doc51(4),
"domest" : TotalFreq : 3
doc13(3),
"donor" : TotalFreq : 1
doc64(1),
"dosag" : TotalFreq : 8
doc15(2),doc30(1),doc61(1),doc62(1),doc74(2),doc78(1),
"dose" : TotalFreq : 33
doc3(2),doc13(2),doc22(2),doc24(1),doc32(1),doc46(4),doc49(3),doc52(1),doc54(3),doc55(2),doc64(2),doc71(2),doc75(5),doc76(2),doc77(1),
"dote" : TotalFreq : 1
doc32(1),
"doubl" : TotalFreq : 5
doc17(1),doc25(1),doc27(1),doc58(1),doc99(1),
"dr" : TotalFreq : 1
doc67(1),
"drag" : TotalFreq : 1
doc102(1),
"dri" : TotalFreq : 1
doc63(1),
"drink" : TotalFreq : 1
doc7(1),
"drop" : TotalFreq : 1
doc52(1),
"droxyprolin" : TotalFreq : 1
doc69(1),
"drug" : TotalFreq : 2
doc32(1),doc37(1),
"duce" : TotalFreq : 1
doc69(1),
"duct" : TotalFreq : 1
doc16(1),
"due" : TotalFreq : 4
doc2(1),doc7(1),doc69(1),doc81(1),
"durat" : TotalFreq : 4
doc10(1),doc52(1),doc54(1),doc56(1),
"dure" : TotalFreq : 17
doc0(1),doc21(1),doc23(1),doc26(1),doc50(2),doc53(1),doc55(1),doc71(2),doc75(2),doc78(2),doc86(1),doc97(2),
"dwarf" : TotalFreq : 10
doc55(1),doc61(2),doc63(1),doc74(3),doc78(3),
"dwarfism" : TotalFreq : 4
doc55(1),doc61(1),doc74(2),
"dynam" : TotalFreq : 1
doc93(1),
"dystrophi" : TotalFreq : 1
doc2(1),
"e" : TotalFreq : 5
doc2(3),doc42(1),doc75(1),
"e.f" : TotalFreq : 1
doc94(1),
"each" : TotalFreq : 7
doc2(1),doc77(1),doc89(1),doc92(1),doc93(2),doc97(1),
"earli" : TotalFreq : 5
doc9(1),doc27(1),doc62(1),doc90(1),doc101(1),
"earlier" : TotalFreq : 1
doc80(1),
"easier" : TotalFreq : 1
doc4(1),
"econom" : TotalFreq : 1
doc1(1),
"ectom" : TotalFreq : 1
doc73(1),
"ed" : TotalFreq : 1
doc18(1),
"edema" : TotalFreq : 1
doc9(1),
"edg" : TotalFreq : 1
doc102(1),
"educ" : TotalFreq : 3
doc94(3),
"eeg" : TotalFreq : 1
doc99(1),
"effect" : TotalFreq : 84
doc0(1),doc1(1),doc2(2),doc3(1),doc4(2),doc5(2),doc7(1),doc16(1),doc17(1),doc19(1),doc23(1),doc26(1),doc32(1),doc33(1),doc35(3),doc36(4),doc37(1),doc39(1),doc42(1),doc43(2),doc47(1),doc48(1),doc49(3),doc54(1),doc55(3),doc61(1),doc62(4),doc63(1),doc64(1),doc66(4),doc68(1),doc70(4),doc73(1),doc74(2),doc75(2),doc76(1),doc77(4),doc78(1),doc82(6),doc83(3),doc84(1),doc85(6),doc90(1),doc97(2),
"effer" : TotalFreq : 1
doc16(1),
"effet" : TotalFreq : 1
doc29(1),
"efficaci" : TotalFreq : 1
doc15(1),
"effici" : TotalFreq : 2
doc18(1),doc90(1),
"effort" : TotalFreq : 2
doc88(1),doc93(1),
"egg" : TotalFreq : 3
doc0(3),
"eight" : TotalFreq : 3
doc32(1),doc37(1),doc94(1),
"eighteen" : TotalFreq : 1
doc99(1),
"either" : TotalFreq : 6
doc18(1),doc33(1),doc36(1),doc47(1),doc62(1),doc71(1),
"el" : TotalFreq : 1
doc38(1),
"electrophoresi" : TotalFreq : 1
doc78(1),
"element" : TotalFreq : 4
doc0(1),doc13(1),doc34(1),doc42(1),
"elementari" : TotalFreq : 1
doc93(1),
"elev" : TotalFreq : 4
doc38(1),doc71(1),doc79(2),
"elicit" : TotalFreq : 1
doc43(1),
"emaci" : TotalFreq : 1
doc87(1),
"embryo" : TotalFreq : 5
doc11(3),doc26(2),
"emerg" : TotalFreq : 1
doc80(1),
"emiss" : TotalFreq : 1
doc42(1),
"emot" : TotalFreq : 4
doc93(1),doc100(3),
"emphas" : TotalFreq : 1
doc28(1),
"emphasi" : TotalFreq : 1
doc94(1),
"enat" : TotalFreq : 1
doc56(1),
"enc" : TotalFreq : 1
doc18(1),
"encapsul" : TotalFreq : 1
doc44(1),
"encephalomyocard" : TotalFreq : 2
doc18(2),
"encod" : TotalFreq : 1
doc97(1),
"encourag" : TotalFreq : 2
doc56(2),
"encrust" : TotalFreq : 3
doc37(3),
"endocrin" : TotalFreq : 2
doc64(1),doc76(1),
"endogen" : TotalFreq : 2
doc74(1),doc86(1),
"energi" : TotalFreq : 4
doc42(2),doc66(1),doc85(1),
"enhanc" : TotalFreq : 14
doc2(1),doc5(1),doc22(4),doc24(5),doc77(1),doc82(2),
"enlarg" : TotalFreq : 1
doc77(1),
"ensur" : TotalFreq : 1
doc32(1),
"entertain" : TotalFreq : 1
doc94(1),
"entir" : TotalFreq : 4
doc26(1),doc50(1),doc94(1),doc95(1),
"entri" : TotalFreq : 1
doc79(1),
"environ" : TotalFreq : 1
doc21(1),
"enzym" : TotalFreq : 5
doc70(1),doc76(3),doc85(1),
"enzymat" : TotalFreq : 2
doc5(1),doc28(1),
"eosinophil" : TotalFreq : 1
doc57(1),
"epilept" : TotalFreq : 1
doc94(1),
"epinephrin" : TotalFreq : 7
doc64(7),
"epiphys" : TotalFreq : 6
doc73(4),doc75(2),
"epiphysi" : TotalFreq : 1
doc56(1),
"equal" : TotalFreq : 1
doc6(1),
"equilibrium" : TotalFreq : 1
doc47(1),
"equival" : TotalFreq : 5
doc52(2),doc54(2),doc56(1),
"error" : TotalFreq : 1
doc1(1),
"erythrocyt" : TotalFreq : 1
doc18(1),
"esophagu" : TotalFreq : 1
doc43(1),
"especi" : TotalFreq : 2
doc2(1),doc33(1),
"essenti" : TotalFreq : 1
doc54(1),
"establish" : TotalFreq : 2
doc21(1),doc90(1),
"ester" : TotalFreq : 1
doc5(1),
"esteras" : TotalFreq : 2
doc32(2),
"estradiol" : TotalFreq : 4
doc77(3),doc79(1),
"estrogen" : TotalFreq : 6
doc62(1),doc81(5),
"et" : TotalFreq : 3
doc29(1),doc36(1),doc73(1),
"ethanolamin" : TotalFreq : 1
doc18(1),
"ether" : TotalFreq : 1
doc32(1),
"etiolog" : TotalFreq : 3
doc30(1),doc57(1),doc89(1),
"europ" : TotalFreq : 1
doc90(1),
"euryhalin" : TotalFreq : 1
doc54(1),
"evalu" : TotalFreq : 6
doc45(2),doc48(1),doc88(1),doc89(1),doc99(1),
"even" : TotalFreq : 6
doc15(1),doc32(1),doc42(1),doc78(1),doc93(1),doc94(1),
"event" : TotalFreq : 2
doc28(1),doc85(1),
"ever" : TotalFreq : 1
doc38(1),
"everi" : TotalFreq : 6
doc54(1),doc71(1),doc88(1),doc90(1),doc98(2),
"evert" : TotalFreq : 1
doc4(1),
"evid" : TotalFreq : 8
doc13(1),doc27(1),doc28(3),doc33(1),doc71(1),doc88(1),
"evolut" : TotalFreq : 1
doc91(1),
"ew" : TotalFreq : 3
doc9(1),doc27(2),
"ex" : TotalFreq : 1
doc56(1),
"examin" : TotalFreq : 5
doc30(2),doc79(1),doc85(1),doc93(1),
"except" : TotalFreq : 4
doc33(1),doc75(1),doc82(2),
"excess" : TotalFreq : 1
doc85(1),
"exchang" : TotalFreq : 10
doc36(1),doc47(7),doc93(2),
"exclus" : TotalFreq : 2
doc26(1),doc35(1),
"excret" : TotalFreq : 22
doc3(2),doc13(2),doc32(3),doc39(2),doc40(1),doc45(1),doc46(1),doc48(2),doc69(2),doc75(2),doc78(4),
"exercis" : TotalFreq : 1
doc86(1),
"exert" : TotalFreq : 2
doc5(1),doc85(1),
"exist" : TotalFreq : 2
doc28(1),doc51(1),
"exogen" : TotalFreq : 2
doc68(1),doc69(1),
"expect" : TotalFreq : 3
doc33(1),doc42(1),doc50(1),
"experi" : TotalFreq : 11
doc3(1),doc11(1),doc28(1),doc40(1),doc43(1),doc45(1),doc73(1),doc83(1),doc84(1),doc93(2),
"experiment" : TotalFreq : 5
doc40(1),doc83(1),doc89(1),doc93(1),doc94(1),
"explain" : TotalFreq : 2
doc5(1),doc75(1),
"explic" : TotalFreq : 1
doc93(1),
"explor" : TotalFreq : 3
doc33(1),doc44(1),doc89(1),
"expos" : TotalFreq : 2
doc13(1),doc68(1),
"exposur" : TotalFreq : 1
doc21(1),
"express" : TotalFreq : 3
doc21(2),doc85(1),
"extend" : TotalFreq : 1
doc19(1),
"extens" : TotalFreq : 3
doc13(1),doc89(1),doc93(1),
"extent" : TotalFreq : 5
doc11(2),doc84(1),doc89(1),doc93(1),
"extern" : TotalFreq : 2
doc54(2),
"extracellular" : TotalFreq : 2
doc48(1),doc85(1),
"extract" : TotalFreq : 15
doc14(1),doc25(1),doc36(1),doc38(1),doc47(4),doc54(1),doc55(1),doc56(2),doc63(1),doc64(2),
"f" : TotalFreq : 3
doc54(3),
"f1" : TotalFreq : 3
doc19(1),doc21(2),
"facial" : TotalFreq : 1
doc32(1),
"fact" : TotalFreq : 7
doc2(1),doc29(1),doc50(2),doc85(2),doc88(1),
"factor" : TotalFreq : 22
doc1(1),doc22(1),doc24(1),doc34(4),doc36(1),doc64(1),doc66(1),doc73(1),doc75(4),doc76(1),doc80(1),doc83(1),doc87(1),doc88(1),doc89(2),
"fail" : TotalFreq : 5
doc37(2),doc69(1),doc72(1),doc81(1),
"failur" : TotalFreq : 6
doc54(4),doc87(2),
"fairli" : TotalFreq : 1
doc89(1),
"fall" : TotalFreq : 6
doc45(1),doc48(2),doc49(2),doc78(1),
"fals" : TotalFreq : 1
doc31(1),
"far" : TotalFreq : 3
doc7(1),doc33(1),doc74(1),
"fascicula" : TotalFreq : 1
doc29(1),
"fashion" : TotalFreq : 1
doc21(1),
"fasolo" : TotalFreq : 1
doc42(1),
"fast" : TotalFreq : 4
doc53(1),doc58(1),doc78(1),doc86(1),
"faster" : TotalFreq : 1
doc97(1),
"fat" : TotalFreq : 7
doc66(2),doc78(2),doc80(1),doc85(1),doc87(1),
"fatti" : TotalFreq : 7
doc53(1),doc65(2),doc66(3),doc80(1),
"favor" : TotalFreq : 1
doc83(1),
"favour" : TotalFreq : 3
doc45(1),doc73(1),doc94(1),
"fe" : TotalFreq : 4
doc43(4),
"feasibl" : TotalFreq : 2
doc62(1),doc101(1),
"featur" : TotalFreq : 4
doc42(1),doc87(1),doc98(2),
"febril" : TotalFreq : 1
doc50(1),
"fecal" : TotalFreq : 2
doc3(1),doc13(1),
"fect" : TotalFreq : 1
doc18(1),
"fed" : TotalFreq : 5
doc9(1),doc10(1),doc49(3),
"feed" : TotalFreq : 1
doc10(1),
"fell" : TotalFreq : 1
doc55(1),
"femal" : TotalFreq : 2
doc46(1),doc56(1),
"ferenti" : TotalFreq : 1
doc20(1),
"ferric" : TotalFreq : 2
doc43(2),
"fertil" : TotalFreq : 1
doc60(1),
"fetal" : TotalFreq : 6
doc84(6),
"fetu" : TotalFreq : 4
doc84(4),
"fetus" : TotalFreq : 1
doc84(1),
"fever" : TotalFreq : 3
doc50(3),
"few" : TotalFreq : 6
doc50(1),doc54(1),doc67(1),doc73(2),doc74(1),
"fibrocartilag" : TotalFreq : 2
doc81(2),
"fibrosarcomata" : TotalFreq : 1
doc16(1),
"fibrosi" : TotalFreq : 1
doc9(1),
"fic" : TotalFreq : 1
doc14(1),
"field" : TotalFreq : 2
doc28(1),doc102(1),
"figur" : TotalFreq : 1
doc96(1),
"fill" : TotalFreq : 1
doc42(1),
"film" : TotalFreq : 2
doc42(2),
"filtrat" : TotalFreq : 2
doc51(2),
"final" : TotalFreq : 3
doc28(1),doc35(1),doc94(1),
"find" : TotalFreq : 5
doc27(1),doc44(1),doc85(1),doc93(2),
"first" : TotalFreq : 9
doc59(1),doc61(1),doc74(2),doc83(1),doc92(1),doc94(2),doc95(1),
"fish" : TotalFreq : 5
doc54(5),
"five" : TotalFreq : 2
doc50(1),doc74(1),
"flap" : TotalFreq : 1
doc92(1),
"flow" : TotalFreq : 6
doc40(4),doc59(1),doc95(1),
"fluid" : TotalFreq : 1
doc18(1),
"fluoresc" : TotalFreq : 3
doc26(1),doc27(2),
"fluorid" : TotalFreq : 1
doc33(1),
"fluorin" : TotalFreq : 1
doc13(1),
"focal" : TotalFreq : 1
doc9(1),
"foetal" : TotalFreq : 1
doc25(1),
"fol" : TotalFreq : 2
doc49(1),doc66(1),
"fold" : TotalFreq : 1
doc46(1),
"follicl" : TotalFreq : 1
doc77(1),
"follow" : TotalFreq : 24
doc2(1),doc10(1),doc17(1),doc19(1),doc29(1),doc37(1),doc39(1),doc45(1),doc49(1),doc56(1),doc65(2),doc66(3),doc76(1),doc86(2),doc92(3),doc93(1),doc96(2),
"foreign" : TotalFreq : 4
doc17(1),doc21(3),
"form" : TotalFreq : 11
doc15(2),doc18(1),doc20(1),doc30(1),doc34(2),doc42(1),doc61(1),doc85(1),doc93(1),
"forma" : TotalFreq : 1
doc38(1),
"formal" : TotalFreq : 2
doc98(2),
"format" : TotalFreq : 10
doc18(1),doc27(1),doc29(1),doc34(3),doc81(1),doc85(2),doc102(1),
"former" : TotalFreq : 1
doc22(1),
"forsham" : TotalFreq : 1
doc62(1),
"forti" : TotalFreq : 1
doc45(1),
"found" : TotalFreq : 28
doc0(1),doc3(1),doc9(2),doc15(1),doc18(1),doc19(1),doc21(1),doc22(1),doc24(1),doc29(1),doc31(2),doc33(1),doc38(1),doc42(2),doc45(1),doc47(1),doc50(2),doc55(1),doc68(1),doc79(1),doc86(1),doc87(1),doc92(1),doc95(1),
"four" : TotalFreq : 8
doc32(1),doc39(1),doc45(1),doc47(1),doc69(1),doc79(1),doc86(1),doc94(1),
"fourteen" : TotalFreq : 1
doc11(1),
"fraction" : TotalFreq : 9
doc2(2),doc20(1),doc22(6),
"free" : TotalFreq : 7
doc14(1),doc26(1),doc53(1),doc65(2),doc66(1),doc80(1),
"frequenc" : TotalFreq : 2
doc19(1),doc41(1),
"frequent" : TotalFreq : 3
doc94(1),doc99(2),
"fresh" : TotalFreq : 4
doc0(1),doc54(3),
"friabl" : TotalFreq : 1
doc34(1),
"frog" : TotalFreq : 1
doc5(1),
"from" : TotalFreq : 65
doc1(1),doc3(1),doc4(1),doc9(1),doc13(1),doc16(2),doc18(1),doc20(3),doc21(1),doc25(1),doc26(1),doc27(2),doc28(2),doc34(1),doc36(1),doc39(3),doc46(2),doc47(3),doc50(2),doc54(3),doc55(1),doc56(4),doc60(2),doc63(1),doc66(2),doc69(1),doc71(2),doc72(1),doc73(1),doc74(1),doc78(2),doc80(1),doc84(2),doc88(2),doc89(1),doc93(3),doc94(2),doc95(1),doc97(1),doc98(1),
"fruit" : TotalFreq : 1
doc89(1),
"fta" : TotalFreq : 2
doc27(2),
"full" : TotalFreq : 1
doc64(1),
"fulli" : TotalFreq : 1
doc85(1),
"function" : TotalFreq : 10
doc2(1),doc30(1),doc46(1),doc78(1),doc85(1),doc88(1),doc89(2),doc98(1),doc102(1),
"fundament" : TotalFreq : 1
doc85(1),
"fundulu" : TotalFreq : 2
doc54(2),
"furth" : TotalFreq : 1
doc77(1),
"further" : TotalFreq : 6
doc6(1),doc14(1),doc36(1),doc60(1),doc73(1),doc101(1),
"furthermor" : TotalFreq : 2
doc69(1),doc81(1),
"futur" : TotalFreq : 1
doc85(1),
"g" : TotalFreq : 2
doc3(1),doc42(1),
"gain" : TotalFreq : 2
doc28(1),doc56(1),
"galactos" : TotalFreq : 1
doc4(1),
"gastrointestin" : TotalFreq : 1
doc9(1),
"gate" : TotalFreq : 1
doc15(1),
"gave" : TotalFreq : 2
doc14(1),doc27(1),
"gear" : TotalFreq : 1
doc101(1),
"gel" : TotalFreq : 2
doc25(1),doc27(1),
"gen" : TotalFreq : 2
doc18(1),doc28(1),
"geneic" : TotalFreq : 1
doc24(1),
"gener" : TotalFreq : 13
doc4(1),doc21(1),doc28(1),doc30(1),doc42(1),doc74(1),doc89(1),doc91(2),doc94(1),doc99(1),doc100(2),
"genesi" : TotalFreq : 2
doc28(1),doc91(1),
"genet" : TotalFreq : 2
doc26(1),doc83(1),
"genotyp" : TotalFreq : 2
doc21(2),
"gestat" : TotalFreq : 1
doc71(1),
"gfr" : TotalFreq : 3
doc50(1),doc51(2),
"gh" : TotalFreq : 6
doc73(4),doc74(2),
"gill" : TotalFreq : 1
doc34(1),
"girl" : TotalFreq : 1
doc55(1),
"give" : TotalFreq : 3
doc13(1),doc30(1),doc93(1),
"given" : TotalFreq : 20
doc3(1),doc7(1),doc13(1),doc22(2),doc28(2),doc32(1),doc46(5),doc47(1),doc64(1),doc76(1),doc82(1),doc89(1),doc97(2),
"glacial" : TotalFreq : 1
doc63(1),
"gland" : TotalFreq : 20
doc19(1),doc36(1),doc43(1),doc57(1),doc66(1),doc67(1),doc68(5),doc71(1),doc73(7),doc80(1),
"glasgow" : TotalFreq : 1
doc94(1),
"globular" : TotalFreq : 1
doc82(1),
"globulin" : TotalFreq : 5
doc2(1),doc15(1),doc20(2),doc27(1),
"glomerular" : TotalFreq : 3
doc29(1),doc51(2),
"glu" : TotalFreq : 1
doc52(1),
"glucocorticoid" : TotalFreq : 2
doc52(1),doc62(1),
"glucon" : TotalFreq : 3
doc31(3),
"glucos" : TotalFreq : 20
doc4(1),doc50(6),doc52(1),doc53(1),doc66(2),doc80(1),doc85(4),doc86(4),
"glycem" : TotalFreq : 1
doc50(1),
"glycemia" : TotalFreq : 1
doc66(1),
"glycogen" : TotalFreq : 1
doc85(1),
"glycoprotein" : TotalFreq : 7
doc38(7),
"glycosuria" : TotalFreq : 3
doc57(1),doc66(1),doc83(1),
"go" : TotalFreq : 1
doc94(1),
"gold" : TotalFreq : 1
doc42(1),
"golden" : TotalFreq : 1
doc94(1),
"good" : TotalFreq : 4
doc63(1),doc83(2),doc87(1),
"govern" : TotalFreq : 1
doc84(1),
"grade" : TotalFreq : 2
doc71(2),
"grader" : TotalFreq : 1
doc92(1),
"gradient" : TotalFreq : 1
doc93(1),
"gradual" : TotalFreq : 2
doc54(1),doc94(1),
"graft" : TotalFreq : 4
doc19(1),doc22(2),doc23(1),
"grain" : TotalFreq : 3
doc42(3),
"gram" : TotalFreq : 8
doc54(8),
"gratifi" : TotalFreq : 1
doc44(1),
"great" : TotalFreq : 2
doc61(1),doc74(1),
"greater" : TotalFreq : 7
doc11(1),doc48(1),doc52(1),doc56(1),doc71(1),doc75(1),doc84(1),
"greatli" : TotalFreq : 1
doc47(1),
"green" : TotalFreq : 2
doc26(2),
"gression" : TotalFreq : 1
doc28(1),
"grew" : TotalFreq : 5
doc21(2),doc55(1),doc61(2),
"gross" : TotalFreq : 1
doc45(1),
"group" : TotalFreq : 18
doc7(1),doc19(1),doc49(1),doc50(1),doc71(3),doc72(1),doc73(1),doc89(1),doc97(7),doc98(1),
"grown" : TotalFreq : 1
doc17(1),
"growth" : TotalFreq : 187
doc16(2),doc17(2),doc19(1),doc20(1),doc21(3),doc22(1),doc23(1),doc24(1),doc29(1),doc34(2),doc52(6),doc53(3),doc54(3),doc55(8),doc56(4),doc57(1),doc58(9),doc60(5),doc61(6),doc62(7),doc63(5),doc64(1),doc65(8),doc66(13),doc69(6),doc70(6),doc71(1),doc72(3),doc73(4),doc74(7),doc75(7),doc76(4),doc77(8),doc78(3),doc79(2),doc80(3),doc81(2),doc82(12),doc83(3),doc84(6),doc85(1),doc86(1),doc87(2),doc88(11),doc93(1),
"guinea" : TotalFreq : 2
doc5(2),
"gulat" : TotalFreq : 1
doc76(1),
"h" : TotalFreq : 10
doc21(7),doc62(1),doc70(1),doc75(1),
"h.m.i" : TotalFreq : 1
doc94(1),
"h3" : TotalFreq : 1
doc2(1),
"ha" : TotalFreq : 31
doc2(2),doc13(1),doc29(1),doc33(3),doc34(1),doc40(1),doc41(1),doc47(1),doc49(1),doc51(1),doc55(1),doc62(1),doc66(1),doc70(1),doc73(1),doc74(1),doc76(1),doc78(1),doc80(2),doc83(1),doc85(1),doc86(1),doc90(1),doc92(1),doc93(1),doc94(1),doc96(1),
"habib" : TotalFreq : 1
doc29(1),
"habit" : TotalFreq : 2
doc89(1),doc91(1),
"had" : TotalFreq : 21
doc1(1),doc4(1),doc15(2),doc17(2),doc18(1),doc21(1),doc37(1),doc47(1),doc49(1),doc54(1),doc65(1),doc70(1),doc75(1),doc76(2),doc77(2),doc82(2),
"half" : TotalFreq : 4
doc42(1),doc86(1),doc99(2),
"hall" : TotalFreq : 2
doc94(2),
"hamilton" : TotalFreq : 1
doc94(1),
"hamster" : TotalFreq : 2
doc26(2),
"handicap" : TotalFreq : 5
doc90(2),doc94(3),
"harsh" : TotalFreq : 1
doc102(1),
"have" : TotalFreq : 37
doc5(1),doc6(1),doc7(1),doc12(1),doc13(1),doc15(1),doc21(1),doc25(1),doc27(2),doc28(1),doc30(1),doc33(1),doc34(1),doc35(2),doc36(1),doc38(1),doc42(1),doc48(1),doc49(1),doc50(1),doc55(2),doc60(1),doc61(2),doc74(1),doc78(1),doc79(1),doc81(1),doc83(1),doc85(1),doc87(1),doc88(1),doc92(1),doc100(1),
"he" : TotalFreq : 3
doc61(3),
"headmistress" : TotalFreq : 1
doc94(1),
"hear" : TotalFreq : 7
doc90(5),doc99(1),doc101(1),
"hela" : TotalFreq : 4
doc6(3),doc25(1),
"help" : TotalFreq : 3
doc5(1),doc59(1),doc74(1),
"hemagglutin" : TotalFreq : 2
doc18(1),doc19(1),
"hematocrit" : TotalFreq : 2
doc56(2),
"hematolog" : TotalFreq : 1
doc56(1),
"hemorrhag" : TotalFreq : 1
doc9(1),
"henc" : TotalFreq : 2
doc18(1),doc43(1),
"hepat" : TotalFreq : 1
doc7(1),
"hepatectom" : TotalFreq : 1
doc38(1),
"hepatectomi" : TotalFreq : 2
doc38(2),
"her" : TotalFreq : 3
doc55(2),doc93(1),
"here" : TotalFreq : 3
doc41(1),doc59(1),doc67(1),
"hereditari" : TotalFreq : 1
doc102(1),
"heretofor" : TotalFreq : 1
doc58(1),
"heteroclitu" : TotalFreq : 5
doc54(5),
"heterolog" : TotalFreq : 2
doc16(1),doc25(1),
"hg" : TotalFreq : 1
doc46(1),
"hgh" : TotalFreq : 37
doc55(11),doc58(2),doc61(1),doc74(7),doc78(11),doc86(5),
"hi" : TotalFreq : 8
doc28(1),doc34(1),doc78(1),doc85(1),doc93(2),doc98(1),doc101(1),
"hibit" : TotalFreq : 1
doc52(1),
"hibitor" : TotalFreq : 1
doc55(1),
"high" : TotalFreq : 18
doc5(1),doc8(1),doc15(1),doc30(1),doc33(2),doc42(2),doc50(1),doc55(1),doc70(1),doc74(2),doc78(1),doc83(1),doc85(1),doc86(1),doc100(1),
"higher" : TotalFreq : 4
doc2(1),doc22(2),doc75(1),
"highest" : TotalFreq : 1
doc10(1),
"highli" : TotalFreq : 2
doc19(1),doc43(1),
"him" : TotalFreq : 1
doc93(1),
"hint" : TotalFreq : 1
doc59(1),
"hiroshig" : TotalFreq : 1
doc73(1),
"histocompat" : TotalFreq : 2
doc21(2),
"histolog" : TotalFreq : 3
doc29(1),doc81(2),
"histopatholog" : TotalFreq : 1
doc20(1),
"histor" : TotalFreq : 1
doc28(1),
"holist" : TotalFreq : 1
doc28(1),
"homog" : TotalFreq : 1
doc56(1),
"homogen" : TotalFreq : 2
doc27(1),doc74(1),
"homograft" : TotalFreq : 1
doc21(1),
"homolog" : TotalFreq : 1
doc74(1),
"homozyg" : TotalFreq : 2
doc21(2),
"hope" : TotalFreq : 3
doc90(2),doc100(1),
"hor" : TotalFreq : 3
doc49(1),doc52(1),doc66(1),
"horizont" : TotalFreq : 1
doc27(1),
"hormon" : TotalFreq : 148
doc33(1),doc36(8),doc40(2),doc41(1),doc43(1),doc47(1),doc49(4),doc52(5),doc53(3),doc54(4),doc55(4),doc56(3),doc57(1),doc58(4),doc59(1),doc61(1),doc62(7),doc63(4),doc64(2),doc65(10),doc66(10),doc67(1),doc68(1),doc69(4),doc70(6),doc71(2),doc72(1),doc73(2),doc74(4),doc75(6),doc76(4),doc77(3),doc78(3),doc79(5),doc80(3),doc81(3),doc82(7),doc83(3),doc85(2),doc86(1),doc87(1),doc88(9),
"hormonelik" : TotalFreq : 1
doc58(1),
"host" : TotalFreq : 8
doc16(1),doc17(2),doc21(4),doc28(1),
"hot" : TotalFreq : 1
doc63(1),
"hour" : TotalFreq : 12
doc32(3),doc39(1),doc46(2),doc47(1),doc50(2),doc52(1),doc65(1),doc86(1),
"houssai" : TotalFreq : 1
doc83(1),
"how" : TotalFreq : 1
doc38(1),
"howev" : TotalFreq : 12
doc13(1),doc18(1),doc20(1),doc21(2),doc23(1),doc46(1),doc50(1),doc64(1),doc70(1),doc73(1),doc93(1),
"hr" : TotalFreq : 4
doc3(1),doc18(1),doc79(2),
"human" : TotalFreq : 41
doc1(1),doc6(1),doc25(3),doc26(3),doc27(3),doc42(1),doc52(2),doc54(1),doc55(5),doc58(1),doc61(1),doc62(1),doc63(2),doc65(1),doc66(1),doc69(2),doc70(1),doc74(2),doc75(2),doc78(2),doc88(2),doc89(1),doc91(1),doc93(1),
"humphrei" : TotalFreq : 1
doc18(1),
"hy" : TotalFreq : 2
doc41(1),doc69(1),
"hybrid" : TotalFreq : 3
doc19(1),doc21(2),
"hydrocortison" : TotalFreq : 1
doc79(1),
"hydrogen" : TotalFreq : 2
doc12(2),
"hydrolysi" : TotalFreq : 4
doc5(4),
"hydroperoxid" : TotalFreq : 1
doc12(1),
"hydroxyiminomethyl" : TotalFreq : 1
doc32(1),
"hydroxyprolin" : TotalFreq : 1
doc75(1),
"hyne" : TotalFreq : 1
doc96(1),
"hyper" : TotalFreq : 3
doc30(1),doc66(1),doc68(1),
"hypercalcem" : TotalFreq : 1
doc44(1),
"hypercalcemia" : TotalFreq : 2
doc41(2),
"hypercalciuria" : TotalFreq : 4
doc35(3),doc66(1),
"hypercholesterolaemia" : TotalFreq : 1
doc78(1),
"hyperglycemia" : TotalFreq : 2
doc57(1),doc83(1),
"hyperkaluria" : TotalFreq : 1
doc29(1),
"hyperparathyreoidismu" : TotalFreq : 1
doc30(1),
"hyperparathyroid" : TotalFreq : 5
doc30(1),doc44(1),doc45(3),
"hyperplast" : TotalFreq : 2
doc68(2),
"hypersecret" : TotalFreq : 1
doc57(1),
"hypertens" : TotalFreq : 2
doc57(2),
"hypertrophi" : TotalFreq : 1
doc29(1),
"hypo" : TotalFreq : 4
doc29(1),doc56(1),doc64(2),
"hypocalciur" : TotalFreq : 1
doc35(1),
"hypocalciuria" : TotalFreq : 1
doc29(1),
"hypochloremia" : TotalFreq : 1
doc54(1),
"hypoglycem" : TotalFreq : 1
doc52(1),
"hypoglycemia" : TotalFreq : 7
doc52(2),doc58(3),doc62(1),doc86(1),
"hypoparathyroid" : TotalFreq : 1
doc47(1),
"hypophi" : TotalFreq : 1
doc73(1),
"hypophys" : TotalFreq : 1
doc86(1),
"hypophysec" : TotalFreq : 1
doc65(1),
"hypophysectom" : TotalFreq : 20
doc54(3),doc56(1),doc64(1),doc70(1),doc76(1),doc79(1),doc81(7),doc82(5),
"hypophysectomi" : TotalFreq : 8
doc54(2),doc64(1),doc70(1),doc76(1),doc84(3),
"hypophyseoprivu" : TotalFreq : 3
doc84(3),
"hypophysi" : TotalFreq : 8
doc56(3),doc73(3),doc84(2),
"hypopi" : TotalFreq : 1
doc61(1),
"hypopituitar" : TotalFreq : 4
doc66(1),doc88(3),
"hypopituitari" : TotalFreq : 11
doc52(1),doc61(1),doc74(5),doc78(4),
"hypothalamu" : TotalFreq : 1
doc66(1),
"hypothesi" : TotalFreq : 4
doc28(1),doc34(2),doc83(1),
"hypothet" : TotalFreq : 1
doc67(1),
"hypothyroid" : TotalFreq : 1
doc78(1),
"hypoton" : TotalFreq : 2
doc54(2),
"hypotonia" : TotalFreq : 1
doc99(1),
"hysiolog" : TotalFreq : 1
doc75(1),
"i" : TotalFreq : 110
doc0(1),doc1(1),doc2(1),doc3(1),doc4(1),doc5(1),doc6(1),doc7(1),doc8(1),doc9(1),doc10(1),doc11(1),doc12(1),doc13(1),doc14(1),doc15(1),doc16(1),doc17(1),doc18(1),doc19(1),doc20(1),doc21(1),doc22(1),doc23(1),doc24(1),doc25(1),doc26(1),doc27(1),doc28(1),doc29(1),doc30(1),doc31(1),doc32(1),doc33(1),doc34(1),doc35(1),doc36(1),doc37(1),doc38(1),doc39(1),doc40(1),doc41(1),doc42(1),doc43(1),doc44(1),doc45(1),doc46(1),doc47(1),doc48(1),doc49(1),doc50(1),doc51(1),doc52(1),doc53(1),doc54(1),doc55(1),doc56(1),doc57(1),doc58(1),doc59(1),doc60(1),doc61(1),doc62(1),doc63(1),doc64(1),doc65(1),doc66(1),doc67(2),doc68(1),doc69(1),doc70(1),doc71(1),doc72(1),doc73(1),doc74(1),doc75(1),doc76(1),doc77(1),doc78(1),doc79(1),doc80(2),doc81(1),doc82(1),doc83(1),doc84(1),doc85(1),doc86(1),doc87(1),doc88(1),doc89(1),doc90(1),doc91(1),doc92(1),doc93(3),doc94(1),doc95(2),doc96(1),doc97(3),doc98(1),doc99(1),doc100(1),doc101(1),doc102(1),
"i." : TotalFreq : 1
doc75(1),
"idea" : TotalFreq : 2
doc80(1),doc89(1),
"ident" : TotalFreq : 3
doc14(1),doc27(1),doc47(1),
"identifi" : TotalFreq : 1
doc27(1),
"idiopath" : TotalFreq : 3
doc29(1),doc35(2),
"ii" : TotalFreq : 7
doc4(1),doc5(1),doc18(2),doc97(2),doc100(1),
"iii" : TotalFreq : 3
doc97(3),
"ileum" : TotalFreq : 2
doc5(2),
"illustr" : TotalFreq : 1
doc93(1),
"im" : TotalFreq : 1
doc17(1),
"immatur" : TotalFreq : 2
doc56(1),doc79(1),
"immedi" : TotalFreq : 4
doc45(1),doc49(1),doc85(2),
"immers" : TotalFreq : 1
doc34(1),
"immobil" : TotalFreq : 1
doc33(1),
"immun" : TotalFreq : 9
doc16(3),doc23(3),doc27(2),doc65(1),
"immunis" : TotalFreq : 1
doc16(1),
"immunoassai" : TotalFreq : 1
doc66(1),
"immunodiffus" : TotalFreq : 1
doc20(1),
"immunoelectrophoresi" : TotalFreq : 2
doc20(2),
"immunoglobulin" : TotalFreq : 1
doc22(1),
"immunolog" : TotalFreq : 13
doc18(1),doc19(3),doc24(2),doc28(5),doc36(1),doc55(1),
"immunoselect" : TotalFreq : 1
doc21(1),
"impair" : TotalFreq : 7
doc89(3),doc90(4),
"implant" : TotalFreq : 2
doc17(1),doc42(1),
"implic" : TotalFreq : 1
doc93(1),
"import" : TotalFreq : 11
doc34(3),doc36(1),doc57(1),doc64(1),doc67(1),doc74(1),doc83(1),doc89(1),doc91(1),
"imposs" : TotalFreq : 2
doc33(1),doc94(1),
"improv" : TotalFreq : 4
doc2(1),doc30(1),doc85(1),doc92(1),
"inabl" : TotalFreq : 1
doc89(1),
"inact" : TotalFreq : 2
doc5(1),doc13(1),
"inadequaci" : TotalFreq : 2
doc92(2),
"inappropri" : TotalFreq : 1
doc93(1),
"inbr" : TotalFreq : 2
doc17(1),doc19(1),
"inch" : TotalFreq : 6
doc58(2),doc61(4),
"incid" : TotalFreq : 3
doc37(2),doc83(1),
"incident" : TotalFreq : 1
doc85(1),
"includ" : TotalFreq : 1
doc27(1),
"incompa" : TotalFreq : 1
doc21(1),
"incompat" : TotalFreq : 1
doc21(1),
"incomplet" : TotalFreq : 2
doc80(1),doc93(1),
"inconclus" : TotalFreq : 1
doc7(1),
"incorpor" : TotalFreq : 4
doc11(2),doc26(1),doc66(1),
"increa" : TotalFreq : 1
doc41(1),
"increas" : TotalFreq : 44
doc1(1),doc2(1),doc3(3),doc13(1),doc18(1),doc19(1),doc20(1),doc29(2),doc30(1),doc34(1),doc37(1),doc46(2),doc47(2),doc49(1),doc50(3),doc56(2),doc60(1),doc61(1),doc65(2),doc66(1),doc69(2),doc70(1),doc71(1),doc75(2),doc77(3),doc79(1),doc80(1),doc82(1),doc87(1),doc88(1),doc102(1),
"increasingli" : TotalFreq : 1
doc93(1),
"increment" : TotalFreq : 2
doc71(2),
"incub" : TotalFreq : 1
doc64(1),
"inde" : TotalFreq : 2
doc60(1),doc93(1),
"independ" : TotalFreq : 4
doc85(4),
"index" : TotalFreq : 1
doc62(1),
"indic" : TotalFreq : 12
doc2(1),doc3(1),doc39(1),doc40(1),doc43(1),doc56(1),doc63(1),doc69(1),doc77(1),doc88(1),doc96(2),
"indiffer" : TotalFreq : 1
doc30(1),
"individu" : TotalFreq : 7
doc20(1),doc66(1),doc84(1),doc90(1),doc93(3),
"induc" : TotalFreq : 23
doc14(3),doc16(1),doc21(1),doc22(2),doc23(1),doc24(2),doc26(3),doc27(1),doc38(1),doc43(2),doc61(1),doc62(1),doc74(1),doc80(1),doc81(1),doc84(1),
"induct" : TotalFreq : 4
doc19(2),doc24(1),doc74(1),
"ineffect" : TotalFreq : 6
doc2(1),doc7(1),doc33(1),doc54(1),doc55(1),doc92(1),
"inert" : TotalFreq : 1
doc36(1),
"inexcus" : TotalFreq : 1
doc102(1),
"infanc" : TotalFreq : 1
doc87(1),
"infant" : TotalFreq : 9
doc29(1),doc69(6),doc93(1),doc101(1),
"infect" : TotalFreq : 9
doc18(5),doc19(2),doc37(2),
"infecti" : TotalFreq : 1
doc26(1),
"influenc" : TotalFreq : 19
doc3(1),doc22(1),doc24(1),doc47(1),doc49(2),doc56(2),doc64(1),doc66(1),doc69(1),doc73(1),doc77(2),doc80(1),doc81(1),doc83(1),doc86(1),doc93(1),
"inform" : TotalFreq : 3
doc13(1),doc59(1),doc89(1),
"infrequ" : TotalFreq : 1
doc15(1),
"ing" : TotalFreq : 5
doc14(1),doc15(1),doc41(1),doc52(2),
"inhibit" : TotalFreq : 12
doc4(4),doc19(1),doc36(1),doc40(1),doc52(1),doc59(1),doc66(1),doc77(1),doc81(1),
"inhibitor" : TotalFreq : 5
doc4(3),doc55(2),
"initi" : TotalFreq : 3
doc49(1),doc93(1),doc97(1),
"injec" : TotalFreq : 1
doc39(1),
"inject" : TotalFreq : 28
doc7(1),doc8(1),doc16(1),doc27(1),doc32(5),doc39(4),doc46(2),doc54(2),doc56(2),doc64(1),doc65(1),doc70(1),doc71(1),doc73(2),doc81(1),doc84(2),
"inneffect" : TotalFreq : 1
doc33(1),
"inocul" : TotalFreq : 2
doc14(2),
"inorgan" : TotalFreq : 3
doc13(1),doc48(1),doc66(1),
"inquiri" : TotalFreq : 1
doc93(1),
"insipidu" : TotalFreq : 2
doc72(2),
"insofar" : TotalFreq : 1
doc60(1),
"inspector" : TotalFreq : 1
doc94(1),
"instanc" : TotalFreq : 2
doc60(1),doc66(1),
"institut" : TotalFreq : 1
doc99(1),
"insuffici" : TotalFreq : 1
doc9(1),
"insulin" : TotalFreq : 32
doc52(2),doc53(3),doc56(3),doc59(3),doc62(2),doc80(5),doc83(2),doc85(12),
"intact" : TotalFreq : 10
doc19(1),doc43(1),doc49(1),doc73(1),doc76(1),doc81(4),doc84(1),
"intak" : TotalFreq : 2
doc33(2),
"integr" : TotalFreq : 3
doc89(3),
"integra" : TotalFreq : 1
doc28(1),
"intens" : TotalFreq : 1
doc56(1),
"intensif" : TotalFreq : 1
doc28(1),
"inter" : TotalFreq : 1
doc34(1),
"interact" : TotalFreq : 2
doc22(1),doc93(1),
"interest" : TotalFreq : 2
doc34(1),doc74(1),
"interfer" : TotalFreq : 5
doc31(2),doc59(1),doc86(1),doc89(1),
"intermedi" : TotalFreq : 3
doc18(1),doc97(2),
"intermitt" : TotalFreq : 2
doc51(1),doc61(1),
"interpub" : TotalFreq : 2
doc81(2),
"interstiti" : TotalFreq : 2
doc9(1),doc42(1),
"interv" : TotalFreq : 2
doc45(1),doc46(1),
"intestin" : TotalFreq : 5
doc4(3),doc47(2),
"inti" : TotalFreq : 1
doc66(1),
"intra" : TotalFreq : 1
doc63(1),
"intracellular" : TotalFreq : 3
doc85(2),doc86(1),
"intracellularli" : TotalFreq : 1
doc18(1),
"intramuscular" : TotalFreq : 3
doc32(2),doc39(1),
"intranuclear" : TotalFreq : 2
doc26(1),doc27(1),
"intraperiton" : TotalFreq : 3
doc46(3),
"intraven" : TotalFreq : 7
doc31(2),doc33(1),doc39(1),doc43(1),doc50(1),doc65(1),
"introductori" : TotalFreq : 1
doc67(1),
"invari" : TotalFreq : 1
doc15(1),
"investi" : TotalFreq : 1
doc15(1),
"investig" : TotalFreq : 9
doc15(1),doc29(1),doc34(1),doc49(1),doc67(1),doc75(1),doc76(1),doc78(2),
"involv" : TotalFreq : 4
doc16(1),doc19(1),doc66(1),doc95(1),
"inward" : TotalFreq : 1
doc40(1),
"iodin" : TotalFreq : 1
doc58(1),
"ion" : TotalFreq : 5
doc3(1),doc36(1),doc42(2),doc47(1),
"ionic" : TotalFreq : 1
doc70(1),
"iron" : TotalFreq : 1
doc102(1),
"irradi" : TotalFreq : 2
doc14(1),doc24(1),
"irrespect" : TotalFreq : 2
doc54(1),doc71(1),
"irrev" : TotalFreq : 1
doc33(1),
"irrit" : TotalFreq : 1
doc32(1),
"isoantigen" : TotalFreq : 3
doc21(3),
"isoantisera" : TotalFreq : 1
doc21(1),
"isograft" : TotalFreq : 3
doc14(3),
"isol" : TotalFreq : 5
doc25(1),doc27(1),doc36(1),doc58(2),
"isolog" : TotalFreq : 1
doc21(1),
"isotocin" : TotalFreq : 1
doc54(1),
"isoton" : TotalFreq : 2
doc4(1),doc42(1),
"isotop" : TotalFreq : 1
doc65(1),
"issu" : TotalFreq : 1
doc100(1),
"it" : TotalFreq : 33
doc2(1),doc5(1),doc13(1),doc18(4),doc28(1),doc37(2),doc42(2),doc62(1),doc63(2),doc66(1),doc78(1),doc79(1),doc83(3),doc84(1),doc85(2),doc90(1),doc93(4),doc94(4),
"itoh" : TotalFreq : 1
doc73(1),
"itself" : TotalFreq : 2
doc93(1),doc102(1),
"ium" : TotalFreq : 1
doc70(1),
"j" : TotalFreq : 1
doc29(1),
"ject" : TotalFreq : 2
doc39(1),doc66(1),
"jection" : TotalFreq : 2
doc50(1),doc71(1),
"jejunum" : TotalFreq : 1
doc4(1),
"join" : TotalFreq : 2
doc90(1),doc94(1),
"joint" : TotalFreq : 5
doc81(5),
"jubile" : TotalFreq : 1
doc94(1),
"junction" : TotalFreq : 1
doc28(1),
"just" : TotalFreq : 1
doc33(1),
"kalaemia" : TotalFreq : 1
doc29(1),
"kei" : TotalFreq : 2
doc26(1),doc28(1),
"kelbourn" : TotalFreq : 3
doc94(3),
"kept" : TotalFreq : 2
doc42(1),doc85(1),
"keratin" : TotalFreq : 1
doc82(1),
"ketoacidosi" : TotalFreq : 1
doc83(1),
"ketosi" : TotalFreq : 1
doc66(1),
"kg" : TotalFreq : 10
doc3(4),doc32(1),doc46(5),
"kidnei" : TotalFreq : 21
doc3(1),doc8(1),doc9(1),doc10(1),doc19(1),doc26(3),doc30(1),doc38(1),doc47(3),doc73(3),doc76(4),doc79(1),
"killifish" : TotalFreq : 1
doc54(1),
"kind" : TotalFreq : 4
doc85(1),doc93(2),doc94(1),
"king" : TotalFreq : 1
doc34(1),
"knowledg" : TotalFreq : 4
doc48(1),doc67(1),doc95(2),
"known" : TotalFreq : 4
doc54(1),doc77(1),doc85(1),doc96(1),
"kreb" : TotalFreq : 2
doc18(2),
"l'histologi" : TotalFreq : 1
doc29(1),
"l.l" : TotalFreq : 2
doc26(2),
"la" : TotalFreq : 1
doc29(1),
"label" : TotalFreq : 15
doc8(1),doc39(1),doc42(5),doc65(6),doc70(1),doc89(1),
"labor" : TotalFreq : 1
doc99(1),
"laboratori" : TotalFreq : 4
doc34(1),doc44(1),doc63(1),doc67(1),
"lack" : TotalFreq : 1
doc94(1),
"lactat" : TotalFreq : 7
doc71(7),
"lactic" : TotalFreq : 1
doc43(1),
"languag" : TotalFreq : 9
doc89(4),doc98(4),doc101(1),
"larg" : TotalFreq : 8
doc33(1),doc42(1),doc64(1),doc76(1),doc77(1),doc80(1),doc90(1),doc94(1),
"larger" : TotalFreq : 1
doc55(1),
"last" : TotalFreq : 4
doc27(1),doc93(1),doc94(1),doc100(1),
"lastli" : TotalFreq : 1
doc93(1),
"late" : TotalFreq : 2
doc39(2),
"latent" : TotalFreq : 1
doc27(1),
"later" : TotalFreq : 4
doc72(1),doc74(1),doc94(2),
"latitud" : TotalFreq : 1
doc13(1),
"latter" : TotalFreq : 3
doc5(1),doc7(1),doc36(1),
"lb" : TotalFreq : 1
doc99(1),
"le" : TotalFreq : 3
doc29(3),
"lead" : TotalFreq : 3
doc29(1),doc60(1),doc85(1),
"learn" : TotalFreq : 9
doc89(1),doc97(1),doc98(2),doc100(5),
"learnt" : TotalFreq : 1
doc34(1),
"least" : TotalFreq : 7
doc2(1),doc19(1),doc61(1),doc65(1),doc72(1),doc74(1),doc85(1),
"leav" : TotalFreq : 1
doc102(1),
"lectur" : TotalFreq : 2
doc67(2),
"led" : TotalFreq : 1
doc88(1),
"lefebvr" : TotalFreq : 1
doc29(1),
"left" : TotalFreq : 1
doc9(1),
"length" : TotalFreq : 2
doc60(1),doc73(1),
"lesion" : TotalFreq : 8
doc17(1),doc68(4),doc83(2),doc89(1),
"less" : TotalFreq : 5
doc4(1),doc60(1),doc75(1),doc79(1),doc99(1),
"leucin" : TotalFreq : 1
doc58(1),
"leukemia" : TotalFreq : 1
doc20(1),
"levat" : TotalFreq : 2
doc82(2),
"level" : TotalFreq : 32
doc2(2),doc3(1),doc9(1),doc10(1),doc11(2),doc29(3),doc32(2),doc48(1),doc50(1),doc53(2),doc56(1),doc58(1),doc71(1),doc75(2),doc77(4),doc78(1),doc79(2),doc85(1),doc86(1),doc89(1),doc100(1),
"li" : TotalFreq : 1
doc61(1),
"liber" : TotalFreq : 1
doc80(1),
"licko" : TotalFreq : 1
doc50(1),
"lie" : TotalFreq : 1
doc2(1),
"life" : TotalFreq : 2
doc17(1),doc42(1),
"ligament" : TotalFreq : 4
doc81(4),
"like" : TotalFreq : 3
doc5(1),doc55(1),doc102(1),
"likewis" : TotalFreq : 1
doc85(1),
"lilit" : TotalFreq : 1
doc52(1),
"limit" : TotalFreq : 4
doc28(1),doc42(1),doc46(1),doc88(1),
"line" : TotalFreq : 6
doc20(2),doc21(2),doc29(2),
"linear" : TotalFreq : 3
doc69(1),doc75(1),doc88(1),
"link" : TotalFreq : 2
doc93(2),
"lipid" : TotalFreq : 1
doc87(1),
"lipoid" : TotalFreq : 1
doc29(1),
"lipolyt" : TotalFreq : 4
doc64(4),
"lipoprotein" : TotalFreq : 1
doc78(1),
"lism" : TotalFreq : 1
doc69(1),
"list" : TotalFreq : 1
doc41(1),
"literatur" : TotalFreq : 6
doc5(1),doc13(2),doc42(1),doc50(1),doc67(1),
"litter" : TotalFreq : 2
doc19(1),doc84(1),
"littl" : TotalFreq : 2
doc49(1),doc97(1),
"liver" : TotalFreq : 14
doc3(1),doc7(1),doc8(1),doc9(1),doc10(1),doc19(1),doc27(1),doc38(2),doc39(1),doc47(1),doc70(1),doc79(2),
"load" : TotalFreq : 3
doc46(2),doc78(1),
"lobe" : TotalFreq : 1
doc80(1),
"local" : TotalFreq : 3
doc18(1),doc32(1),doc94(1),
"localis" : TotalFreq : 1
doc26(1),
"locat" : TotalFreq : 2
doc40(1),doc44(1),
"long" : TotalFreq : 11
doc27(1),doc45(1),doc52(1),doc55(1),doc61(1),doc66(1),doc81(2),doc83(1),doc88(1),doc93(1),
"longer" : TotalFreq : 1
doc38(1),
"look" : TotalFreq : 1
doc91(1),
"loop" : TotalFreq : 1
doc34(1),
"loss" : TotalFreq : 5
doc25(1),doc47(2),doc90(1),doc99(1),
"lost" : TotalFreq : 2
doc23(1),doc60(1),
"low" : TotalFreq : 9
doc1(1),doc11(1),doc31(1),doc48(1),doc49(1),doc58(1),doc66(1),doc76(2),
"lower" : TotalFreq : 4
doc21(2),doc35(1),doc50(1),
"lung" : TotalFreq : 6
doc8(3),doc9(2),doc10(1),
"lutein" : TotalFreq : 1
doc77(1),
"ly" : TotalFreq : 1
doc44(1),
"lym" : TotalFreq : 1
doc16(1),
"lymph" : TotalFreq : 5
doc9(1),doc16(2),doc20(1),doc24(1),
"lymphocyt" : TotalFreq : 2
doc16(2),
"lymphoid" : TotalFreq : 2
doc9(1),doc16(1),
"lymphosarcoma" : TotalFreq : 1
doc17(1),
"lyon" : TotalFreq : 1
doc34(1),
"m" : TotalFreq : 9
doc4(6),doc40(1),doc74(2),
"m.d" : TotalFreq : 1
doc86(1),
"macho" : TotalFreq : 1
doc50(1),
"made" : TotalFreq : 12
doc21(1),doc25(1),doc28(1),doc32(2),doc35(1),doc60(1),doc62(2),doc88(1),doc90(2),
"mag" : TotalFreq : 1
doc47(1),
"magnesium" : TotalFreq : 7
doc31(2),doc47(4),doc75(1),
"magnitud" : TotalFreq : 1
doc4(1),
"mai" : TotalFreq : 34
doc2(2),doc12(1),doc13(1),doc16(1),doc18(1),doc27(1),doc33(1),doc36(2),doc37(2),doc38(1),doc41(1),doc43(1),doc47(1),doc51(1),doc60(1),doc66(1),doc69(1),doc72(2),doc80(2),doc83(3),doc85(2),doc87(1),doc89(1),doc91(1),doc96(1),doc102(1),
"main" : TotalFreq : 2
doc61(1),doc88(1),
"mainli" : TotalFreq : 1
doc40(1),
"maintain" : TotalFreq : 6
doc54(3),doc56(1),doc78(1),doc81(1),
"major" : TotalFreq : 5
doc38(1),doc75(1),doc83(3),
"make" : TotalFreq : 2
doc17(1),doc75(1),
"mal" : TotalFreq : 4
doc27(1),doc49(2),doc64(1),
"maladapt" : TotalFreq : 1
doc93(1),
"male" : TotalFreq : 7
doc23(1),doc27(1),doc29(1),doc54(1),doc56(1),doc82(2),
"malign" : TotalFreq : 6
doc20(2),doc25(1),doc28(1),doc41(1),doc42(1),
"malizia" : TotalFreq : 1
doc50(1),
"malvano" : TotalFreq : 1
doc42(1),
"mam" : TotalFreq : 2
doc71(1),doc73(1),
"mammalian" : TotalFreq : 2
doc18(1),doc54(1),
"mammari" : TotalFreq : 12
doc17(1),doc68(5),doc71(3),doc73(3),
"mammotrop" : TotalFreq : 2
doc77(2),
"man" : TotalFreq : 10
doc8(1),doc13(1),doc32(1),doc48(2),doc50(1),doc51(1),doc74(1),doc83(1),doc91(1),
"manag" : TotalFreq : 3
doc95(1),doc101(1),doc102(1),
"mandelamin" : TotalFreq : 2
doc37(2),
"mani" : TotalFreq : 5
doc5(1),doc59(1),doc66(1),doc85(1),doc91(1),
"manifest" : TotalFreq : 2
doc47(1),doc93(1),
"manner" : TotalFreq : 4
doc55(1),doc59(1),doc84(1),doc100(1),
"mardedli" : TotalFreq : 1
doc47(1),
"mari" : TotalFreq : 2
doc71(1),doc73(1),
"marit" : TotalFreq : 1
doc49(1),
"mark" : TotalFreq : 3
doc33(1),doc50(1),doc52(1),
"markedli" : TotalFreq : 4
doc20(1),doc46(1),doc73(1),doc86(1),
"market" : TotalFreq : 1
doc102(1),
"marriag" : TotalFreq : 1
doc102(1),
"maryhil" : TotalFreq : 1
doc94(1),
"massiv" : TotalFreq : 1
doc50(1),
"mate" : TotalFreq : 2
doc19(1),doc66(1),
"materi" : TotalFreq : 2
doc26(1),doc39(1),
"matern" : TotalFreq : 2
doc93(2),
"matrix" : TotalFreq : 1
doc34(1),
"matur" : TotalFreq : 4
doc18(1),doc29(1),doc60(1),doc69(1),
"maxim" : TotalFreq : 2
doc51(2),
"maximum" : TotalFreq : 3
doc27(1),doc32(1),doc42(1),
"mclean" : TotalFreq : 1
doc67(1),
"me" : TotalFreq : 2
doc66(1),doc80(1),
"mean" : TotalFreq : 8
doc0(1),doc1(1),doc24(1),doc25(1),doc52(3),doc85(1),
"measur" : TotalFreq : 13
doc26(1),doc36(1),doc46(1),doc49(1),doc52(1),doc62(3),doc68(1),doc70(1),doc78(2),doc85(1),
"mechan" : TotalFreq : 5
doc36(1),doc72(1),doc75(1),doc80(1),doc93(1),
"media" : TotalFreq : 2
doc54(2),
"mediastin" : TotalFreq : 2
doc44(2),
"mediastinum" : TotalFreq : 2
doc43(1),doc44(1),
"mediat" : TotalFreq : 1
doc66(1),
"medic" : TotalFreq : 2
doc42(1),doc90(1),
"medium" : TotalFreq : 5
doc16(1),doc54(1),doc64(1),doc70(1),doc97(1),
"meet" : TotalFreq : 1
doc100(1),
"megali" : TotalFreq : 1
doc62(1),
"megavoltag" : TotalFreq : 1
doc37(1),
"mellitu" : TotalFreq : 3
doc59(1),doc83(2),
"member" : TotalFreq : 1
doc90(1),
"membran" : TotalFreq : 1
doc2(1),
"men" : TotalFreq : 1
doc32(1),
"mend" : TotalFreq : 1
doc63(1),
"ment" : TotalFreq : 4
doc18(1),doc55(1),doc66(1),doc74(1),
"mental" : TotalFreq : 2
doc94(2),
"mention" : TotalFreq : 2
doc70(1),doc99(1),
"mepacrin" : TotalFreq : 4
doc4(4),
"mercur" : TotalFreq : 1
doc46(1),
"mere" : TotalFreq : 2
doc100(1),doc102(1),
"meta" : TotalFreq : 1
doc48(1),
"metabo" : TotalFreq : 1
doc69(1),
"metabol" : TotalFreq : 27
doc18(1),doc30(1),doc36(1),doc47(1),doc48(1),doc49(1),doc53(1),doc59(1),doc66(2),doc67(1),doc69(2),doc74(2),doc75(1),doc78(1),doc85(9),doc87(1),
"metabolit" : TotalFreq : 2
doc11(2),
"metaphys" : TotalFreq : 1
doc29(1),
"metastas" : TotalFreq : 1
doc41(1),
"metastat" : TotalFreq : 2
doc27(2),
"methionin" : TotalFreq : 2
doc12(2),
"method" : TotalFreq : 20
doc4(1),doc18(1),doc19(1),doc20(2),doc27(1),doc28(1),doc31(3),doc33(4),doc42(2),doc50(1),doc85(1),doc86(1),doc95(1),
"methopyrapon" : TotalFreq : 1
doc58(1),
"methyl" : TotalFreq : 2
doc32(1),doc68(1),
"methylcholanthren" : TotalFreq : 5
doc22(2),doc24(2),doc68(1),
"mev" : TotalFreq : 1
doc42(1),
"mg" : TotalFreq : 31
[...]
doc47(1),
"specul" : TotalFreq : 2
doc36(1),doc57(1),
"speech" : TotalFreq : 11
doc90(1),doc92(5),doc95(1),doc96(3),doc101(1),
"spite" : TotalFreq : 1
doc74(1),
"spleen" : TotalFreq : 3
doc9(1),doc10(1),doc19(1),
"spontan" : TotalFreq : 4
doc17(2),doc28(2),
"spurt" : TotalFreq : 1
doc61(1),
"sq" : TotalFreq : 1
doc18(1),
"squelett" : TotalFreq : 1
doc29(1),
"sr" : TotalFreq : 2
doc14(2),
"stage" : TotalFreq : 2
doc21(1),doc90(1),
"stain" : TotalFreq : 1
doc26(1),
"stalk" : TotalFreq : 1
doc86(1),
"stand" : TotalFreq : 1
doc27(1),
"standard" : TotalFreq : 5
doc1(1),doc52(2),doc62(1),doc74(1),
"standpoint" : TotalFreq : 1
doc60(1),
"state" : TotalFreq : 3
doc56(1),doc60(1),doc78(1),
"statement" : TotalFreq : 1
doc5(1),
"statu" : TotalFreq : 2
doc19(1),doc85(1),
"statur" : TotalFreq : 3
doc78(2),doc88(1),
"stedingk" : TotalFreq : 1
doc49(1),
"step" : TotalFreq : 2
doc95(1),doc97(1),
"stepwis" : TotalFreq : 1
doc21(1),
"sternum" : TotalFreq : 1
doc44(1),
"steroid" : TotalFreq : 2
doc62(1),doc81(1),
"steron" : TotalFreq : 1
doc64(1),
"sth" : TotalFreq : 11
doc69(4),doc71(4),doc81(3),
"stigmata" : TotalFreq : 1
doc19(1),
"still" : TotalFreq : 6
doc30(1),doc32(1),doc34(1),doc39(1),doc80(1),doc90(1),
"stimul" : TotalFreq : 18
doc13(1),doc16(1),doc36(2),doc38(1),doc52(1),doc63(1),doc70(1),doc73(1),doc75(1),doc77(1),doc82(2),doc85(2),doc86(1),doc93(2),
"stimuli" : TotalFreq : 1
doc89(1),
"stimulu" : TotalFreq : 3
doc62(1),doc93(1),doc97(1),
"stone" : TotalFreq : 4
doc34(3),doc35(1),
"stool" : TotalFreq : 1
doc33(1),
"stop" : TotalFreq : 5
doc40(4),doc55(1),
"store" : TotalFreq : 1
doc66(1),
"strain" : TotalFreq : 14
doc17(1),doc19(1),doc21(10),doc26(2),
"stratagem" : TotalFreq : 1
doc28(1),
"strate" : TotalFreq : 1
doc14(1),
"street" : TotalFreq : 1
doc94(1),
"strength" : TotalFreq : 1
doc70(1),
"strictli" : TotalFreq : 1
doc21(1),
"strike" : TotalFreq : 2
doc49(1),doc85(1),
"strikingli" : TotalFreq : 1
doc19(1),
"stringent" : TotalFreq : 1
doc88(1),
"strongli" : TotalFreq : 2
doc33(1),doc34(1),
"structur" : TotalFreq : 3
doc17(1),doc27(1),doc59(1),
"struggl" : TotalFreq : 1
doc102(1),
"stu" : TotalFreq : 1
doc32(1),
"studi" : TotalFreq : 44
doc0(1),doc2(1),doc5(1),doc6(2),doc9(1),doc11(1),doc12(1),doc14(1),doc15(1),doc18(1),doc22(1),doc25(2),doc27(2),doc28(1),doc29(1),doc33(1),doc34(1),doc36(1),doc38(1),doc40(1),doc47(1),doc53(1),doc55(1),doc62(2),doc69(2),doc73(3),doc75(3),doc78(2),doc81(1),doc82(2),doc85(2),doc89(1),
"stunt" : TotalFreq : 1
doc93(1),
"stupor" : TotalFreq : 1
doc41(1),
"sub" : TotalFreq : 1
doc66(1),
"subcutan" : TotalFreq : 2
doc39(1),doc87(1),
"subject" : TotalFreq : 15
doc50(3),doc52(4),doc66(1),doc67(1),doc69(1),doc75(1),doc86(1),doc88(1),doc93(1),doc100(1),
"sublin" : TotalFreq : 5
doc21(5),
"subsequ" : TotalFreq : 3
doc14(1),doc21(1),doc63(1),
"subsid" : TotalFreq : 1
doc61(1),
"substanc" : TotalFreq : 3
doc66(1),doc80(2),
"substanti" : TotalFreq : 2
doc45(1),doc84(1),
"substitut" : TotalFreq : 2
doc66(1),doc93(1),
"subtl" : TotalFreq : 1
doc66(1),
"subtox" : TotalFreq : 2
doc9(1),doc10(1),
"succeed" : TotalFreq : 1
doc24(1),
"suffer" : TotalFreq : 2
doc88(1),doc93(1),
"suffi" : TotalFreq : 1
doc49(1),
"suffici" : TotalFreq : 1
doc32(1),
"sugar" : TotalFreq : 4
doc4(3),doc58(1),
"suggest" : TotalFreq : 21
doc12(1),doc16(1),doc17(1),doc21(1),doc28(1),doc33(1),doc34(1),doc36(1),doc38(1),doc41(1),doc45(1),doc47(1),doc51(1),doc53(1),doc54(1),doc75(1),doc76(1),doc85(1),doc88(1),doc89(1),doc97(1),
"suitabl" : TotalFreq : 2
doc42(1),doc88(1),
"sulfat" : TotalFreq : 3
doc11(3),
"sulfoamino" : TotalFreq : 1
doc12(1),
"sulphat" : TotalFreq : 4
doc70(2),doc75(2),
"sult" : TotalFreq : 1
doc49(1),
"summar" : TotalFreq : 1
doc67(1),
"super" : TotalFreq : 1
doc34(1),
"supersatur" : TotalFreq : 1
doc34(1),
"suppli" : TotalFreq : 1
doc88(1),
"support" : TotalFreq : 5
doc73(1),doc83(1),doc84(1),doc90(1),doc96(1),
"suppress" : TotalFreq : 5
doc52(1),doc62(1),doc74(1),doc77(1),doc86(1),
"supraren" : TotalFreq : 1
doc29(1),
"sur" : TotalFreq : 1
doc29(1),
"surfac" : TotalFreq : 1
doc21(1),
"surfeit" : TotalFreq : 1
doc93(1),
"surgeri" : TotalFreq : 3
doc92(3),
"surgic" : TotalFreq : 3
doc20(1),doc44(1),doc102(1),
"surrenal" : TotalFreq : 1
doc29(1),
"survei" : TotalFreq : 1
doc28(1),
"surviv" : TotalFreq : 10
doc54(9),doc93(1),
"suscept" : TotalFreq : 2
doc1(1),doc19(1),
"suscepti" : TotalFreq : 1
doc28(1),
"suspens" : TotalFreq : 2
doc14(1),doc24(1),
"sustain" : TotalFreq : 1
doc85(1),
"sv40" : TotalFreq : 10
doc26(10),
"sweat" : TotalFreq : 1
doc57(1),
"symptom" : TotalFreq : 5
doc32(1),doc44(1),doc57(2),doc87(1),
"symptomatolog" : TotalFreq : 1
doc57(1),
"syn" : TotalFreq : 2
doc18(1),doc24(1),
"syndrom" : TotalFreq : 5
doc29(1),doc75(2),doc87(2),
"syngen" : TotalFreq : 4
doc19(2),doc22(1),doc24(1),
"synthes" : TotalFreq : 2
doc18(2),
"synthesi" : TotalFreq : 6
doc26(1),doc59(1),doc66(1),doc85(3),
"synthet" : TotalFreq : 1
doc28(1),
"system" : TotalFreq : 10
doc16(1),doc21(1),doc22(2),doc24(3),doc43(1),doc70(1),doc89(1),
"systemat" : TotalFreq : 2
doc92(1),doc93(1),
"tabl" : TotalFreq : 2
doc50(1),doc70(1),
"tabol" : TotalFreq : 1
doc66(1),
"tachycardia" : TotalFreq : 1
doc57(1),
"tain" : TotalFreq : 2
doc50(1),doc61(1),
"take" : TotalFreq : 5
doc50(1),doc85(1),doc89(1),doc93(1),doc102(1),
"taken" : TotalFreq : 3
doc56(1),doc89(1),doc95(1),
"talk" : TotalFreq : 1
doc100(1),
"target" : TotalFreq : 1
doc47(1),
"task" : TotalFreq : 2
doc89(2),
"taurin" : TotalFreq : 3
doc11(3),
"teach" : TotalFreq : 1
doc89(1),
"techniqu" : TotalFreq : 9
doc7(1),doc21(1),doc25(1),doc35(1),doc40(2),doc42(2),doc102(1),
"teleostean" : TotalFreq : 1
doc54(1),
"temperatur" : TotalFreq : 1
doc50(1),
"tempo" : TotalFreq : 1
doc30(1),
"tempor" : TotalFreq : 1
doc89(1),
"ten" : TotalFreq : 2
doc37(1),doc78(1),
"tendenc" : TotalFreq : 1
doc102(1),
"terist" : TotalFreq : 1
doc29(1),
"term" : TotalFreq : 17
doc19(1),doc45(1),doc52(2),doc55(1),doc61(1),doc66(1),doc75(2),doc78(1),doc88(1),doc89(4),doc100(2),
"termin" : TotalFreq : 1
doc38(1),
"test" : TotalFreq : 25
doc15(3),doc27(2),doc36(2),doc46(1),doc50(4),doc52(2),doc54(2),doc62(1),doc74(3),doc78(2),doc88(1),doc97(2),
"testosteron" : TotalFreq : 9
doc73(2),doc79(1),doc82(6),
"teu50" : TotalFreq : 5
doc46(5),
"textbook" : TotalFreq : 1
doc67(1),
"thallium" : TotalFreq : 6
doc3(6),
"than" : TotalFreq : 31
doc4(2),doc6(2),doc13(1),doc21(4),doc22(1),doc26(1),doc27(1),doc34(1),doc45(1),doc47(1),doc48(1),doc52(2),doc56(2),doc71(1),doc74(1),doc78(1),doc79(1),doc84(1),doc85(1),doc88(1),doc97(2),doc99(1),doc100(1),
"them" : TotalFreq : 4
doc78(1),doc93(1),doc95(1),doc102(1),
"theori" : TotalFreq : 2
doc72(1),doc73(1),
"therapeut" : TotalFreq : 5
doc13(2),doc42(1),doc62(1),doc72(1),
"therapi" : TotalFreq : 14
doc28(1),doc30(1),doc33(1),doc37(1),doc42(1),doc54(1),doc55(1),doc62(1),doc74(1),doc90(1),doc92(4),
"thereaft" : TotalFreq : 1
doc55(1),
"therebi" : TotalFreq : 1
doc2(1),
"therefor" : TotalFreq : 4
doc33(1),doc69(1),doc73(1),doc88(1),
"thesi" : TotalFreq : 1
doc18(1),
"thigh" : TotalFreq : 1
doc82(1),
"thing" : TotalFreq : 1
doc85(1),
"think" : TotalFreq : 2
doc89(2),
"thio" : TotalFreq : 3
doc5(1),doc6(2),
"thiophosphor" : TotalFreq : 1
doc6(1),
"thiouracil" : TotalFreq : 3
doc8(1),doc77(2),
"thiourea" : TotalFreq : 1
doc8(1),
"thirteen" : TotalFreq : 1
doc55(1),
"thirti" : TotalFreq : 1
doc86(1),
"those" : TotalFreq : 17
doc5(1),doc7(1),doc33(1),doc34(1),doc42(1),doc46(1),doc47(2),doc49(1),doc50(1),doc68(1),doc72(2),doc79(1),doc83(1),doc88(2),
"though" : TotalFreq : 1
doc13(1),
"thought" : TotalFreq : 1
doc89(1),
"three" : TotalFreq : 7
doc47(1),doc69(1),doc75(2),doc92(1),doc94(1),doc97(1),
"threshold" : TotalFreq : 1
doc24(1),
"thrive" : TotalFreq : 2
doc87(2),
"through" : TotalFreq : 11
doc4(1),doc21(2),doc28(1),doc32(1),doc44(1),doc66(3),doc67(1),doc94(1),
"throughout" : TotalFreq : 1
doc2(1),
"thu" : TotalFreq : 4
doc2(1),doc7(1),doc36(1),doc98(1),
"thymectom" : TotalFreq : 3
doc19(3),
"thymectomi" : TotalFreq : 2
doc19(2),
"thymu" : TotalFreq : 3
doc19(2),doc77(1),
"thyroid" : TotalFreq : 5
doc36(1),doc49(1),doc66(1),doc77(1),doc78(1),
"thyrotropin" : TotalFreq : 2
doc64(1),doc77(1),
"thyroxin" : TotalFreq : 3
doc77(3),
"ti" : TotalFreq : 1
doc66(1),
"tibial" : TotalFreq : 5
doc56(1),doc73(4),
"tibl" : TotalFreq : 1
doc21(1),
"tic" : TotalFreq : 1
doc69(1),
"tilapia" : TotalFreq : 1
doc54(1),
"time" : TotalFreq : 18
doc18(1),doc29(1),doc32(1),doc34(1),doc54(1),doc58(1),doc60(1),doc61(4),doc67(1),doc83(1),doc84(1),doc86(1),doc93(2),doc94(1),
"tion" : TotalFreq : 11
doc15(1),doc28(1),doc32(1),doc38(2),doc39(1),doc49(1),doc55(1),doc63(1),doc64(1),doc65(1),
"tissu" : TotalFreq : 44
doc8(1),doc10(2),doc11(1),doc13(1),doc15(1),doc19(1),doc20(1),doc25(8),doc26(1),doc27(2),doc28(1),doc42(1),doc47(6),doc50(1),doc54(1),doc56(2),doc60(1),doc64(2),doc66(1),doc73(1),doc79(1),doc82(4),doc85(3),
"titan" : TotalFreq : 2
doc31(2),
"titer" : TotalFreq : 4
doc18(2),doc27(1),doc55(1),
"titi" : TotalFreq : 1
doc57(1),
"titr" : TotalFreq : 1
doc74(1),
"tmp" : TotalFreq : 3
doc51(3),
"tocopherol" : TotalFreq : 7
doc2(7),
"todai" : TotalFreq : 1
doc90(1),
"togeth" : TotalFreq : 2
doc28(1),doc102(1),
"tolbutamid" : TotalFreq : 1
doc58(1),
"told" : TotalFreq : 3
doc97(3),
"toler" : TotalFreq : 8
doc28(1),doc32(1),doc50(3),doc52(1),doc54(1),doc62(1),
"tomiz" : TotalFreq : 1
doc65(1),
"too" : TotalFreq : 1
doc50(1),
"took" : TotalFreq : 1
doc40(1),
"tool" : TotalFreq : 1
doc36(1),
"topic" : TotalFreq : 1
doc13(1),
"total" : TotalFreq : 5
doc4(1),doc48(1),doc52(1),doc76(1),doc79(1),
"toward" : TotalFreq : 2
doc76(1),doc80(1),
"toxic" : TotalFreq : 11
doc9(1),doc10(2),doc11(2),doc13(6),
"toxicosi" : TotalFreq : 5
doc9(4),doc10(1),
"toxogonin" : TotalFreq : 4
doc32(4),
"trace" : TotalFreq : 2
doc0(1),doc2(1),
"trachea" : TotalFreq : 1
doc43(1),
"tract" : TotalFreq : 3
doc9(1),doc34(1),doc37(1),
"train" : TotalFreq : 2
doc97(1),doc101(1),
"tran" : TotalFreq : 1
doc47(1),
"transamidinas" : TotalFreq : 4
doc76(4),
"transfer" : TotalFreq : 9
doc2(1),doc21(2),doc24(2),doc50(1),doc54(2),doc94(1),
"transform" : TotalFreq : 4
doc28(1),doc81(3),
"transgress" : TotalFreq : 2
doc21(2),
"transit" : TotalFreq : 1
doc41(1),
"transmit" : TotalFreq : 1
doc26(1),
"transplant" : TotalFreq : 11
doc14(5),doc17(2),doc73(4),
"transport" : TotalFreq : 12
doc4(4),doc36(2),doc47(2),doc59(1),doc66(1),doc85(1),doc97(1),
"transpos" : TotalFreq : 1
doc97(1),
"transposit" : TotalFreq : 1
doc97(1),
"transtubular" : TotalFreq : 1
doc40(1),
"treat" : TotalFreq : 29
doc3(2),doc16(1),doc17(4),doc18(2),doc33(1),doc47(1),doc52(1),doc55(2),doc56(1),doc61(2),doc66(1),doc68(1),doc69(2),doc71(3),doc74(1),doc76(1),doc81(1),doc82(1),doc88(1),
"treatment" : TotalFreq : 34
doc11(1),doc13(1),doc17(1),doc34(1),doc37(5),doc42(1),doc45(3),doc52(1),doc55(2),doc58(1),doc61(2),doc63(1),doc64(3),doc68(1),doc72(1),doc74(3),doc75(1),doc81(3),doc88(2),
"tremend" : TotalFreq : 1
doc90(1),
"tri" : TotalFreq : 1
doc100(1),
"trial" : TotalFreq : 3
doc8(1),doc88(1),doc92(1),
"trigger" : TotalFreq : 1
doc93(1),
"triiodothyronin" : TotalFreq : 2
doc64(1),doc76(1),
"trimethyl" : TotalFreq : 1
doc6(1),
"tripolyphosph" : TotalFreq : 1
doc46(1),
"tritiat" : TotalFreq : 1
doc2(1),
"true" : TotalFreq : 1
doc24(1),
"trypsin" : TotalFreq : 2
doc18(1),doc27(1),
"tu" : TotalFreq : 2
doc14(1),doc24(1),
"tubul" : TotalFreq : 2
doc40(2),
"tubular" : TotalFreq : 5
doc38(1),doc40(2),doc51(2),
"tuitari" : TotalFreq : 2
doc61(1),doc64(1),
"tumor" : TotalFreq : 54
doc14(6),doc15(2),doc16(4),doc18(1),doc19(2),doc20(5),doc21(8),doc22(5),doc23(3),doc24(3),doc26(1),doc41(2),doc44(1),doc68(1),doc77(10),
"tumour" : TotalFreq : 26
doc15(1),doc17(4),doc18(1),doc22(1),doc23(1),doc24(1),doc25(7),doc26(6),doc28(3),doc37(1),
"tungsten" : TotalFreq : 1
doc13(1),
"ture" : TotalFreq : 2
doc15(1),doc18(1),
"turner" : TotalFreq : 2
doc75(2),
"twenti" : TotalFreq : 2
doc39(1),doc86(1),
"twice" : TotalFreq : 1
doc74(1),
"two" : TotalFreq : 14
doc25(1),doc30(1),doc32(1),doc33(1),doc63(1),doc72(1),doc75(2),doc78(1),doc85(1),doc92(1),doc93(1),doc94(2),
"type" : TotalFreq : 4
doc7(1),doc10(1),doc26(1),doc99(1),
"typic" : TotalFreq : 2
doc9(1),doc74(1),
"u" : TotalFreq : 7
doc42(1),doc46(1),doc49(3),doc54(2),
"u.s.a" : TotalFreq : 1
doc90(1),
"ug" : TotalFreq : 10
doc15(2),doc32(2),doc54(3),doc64(2),doc76(1),
"ulcer" : TotalFreq : 1
doc27(1),
"un" : TotalFreq : 2
doc32(1),doc44(1),
"unavail" : TotalFreq : 1
doc66(1),
"uncertain" : TotalFreq : 1
doc36(1),
"uncov" : TotalFreq : 1
doc88(1),
"und" : TotalFreq : 1
doc30(1),
"under" : TotalFreq : 9
doc30(1),doc33(1),doc40(1),doc52(1),doc79(1),doc80(1),doc93(1),doc97(2),
"undergo" : TotalFreq : 1
doc5(1),
"understand" : TotalFreq : 4
doc59(2),doc90(1),doc91(1),
"undertaken" : TotalFreq : 1
doc96(1),
"unev" : TotalFreq : 1
doc44(1),
"unex" : TotalFreq : 1
doc51(1),
"unexpect" : TotalFreq : 1
doc74(1),
"unheed" : TotalFreq : 1
doc94(1),
"uniqu" : TotalFreq : 2
doc36(1),doc89(1),
"unit" : TotalFreq : 2
doc94(1),doc102(1),
"unknown" : TotalFreq : 1
doc89(1),
"unlabel" : TotalFreq : 2
doc65(2),
"unrel" : TotalFreq : 2
doc36(1),doc85(1),
"unreli" : TotalFreq : 1
doc31(1),
"unreport" : TotalFreq : 1
doc58(1),
"unrespons" : TotalFreq : 1
doc72(1),
"untersuchungen" : TotalFreq : 1
doc30(1),
"untreat" : TotalFreq : 1
doc17(1),
"up" : TotalFreq : 11
doc19(1),doc45(2),doc50(2),doc55(1),doc67(2),doc74(1),doc96(2),
"upon" : TotalFreq : 8
doc2(1),doc27(1),doc43(1),doc49(4),doc91(1),
"upper" : TotalFreq : 1
doc34(1),
"uptak" : TotalFreq : 1
doc79(1),
"uranium" : TotalFreq : 1
doc13(1),
"uranyl" : TotalFreq : 1
doc46(1),
"urem" : TotalFreq : 1
doc43(1),
"uremia" : TotalFreq : 1
doc43(1),
"urin" : TotalFreq : 7
doc3(1),doc29(1),doc31(1),doc32(1),doc34(1),doc37(1),doc46(1),
"urinari" : TotalFreq : 20
doc32(1),doc34(5),doc35(1),doc37(1),doc45(1),doc48(1),doc50(2),doc69(2),doc75(3),doc78(2),doc85(1),
"urophysi" : TotalFreq : 1
doc54(1),
"us" : TotalFreq : 38
doc7(1),doc11(1),doc13(2),doc15(4),doc16(1),doc19(1),doc20(1),doc25(1),doc27(1),doc33(3),doc36(1),doc40(1),doc42(3),doc59(1),doc62(1),doc63(1),doc66(1),doc74(1),doc75(2),doc77(1),doc78(1),doc79(1),doc86(1),doc89(3),doc94(2),doc98(1),
"usual" : TotalFreq : 6
doc7(1),doc19(1),doc21(1),doc44(1),doc47(1),doc66(1),
"utero" : TotalFreq : 1
doc84(1),
"uteru" : TotalFreq : 1
doc79(1),
"util" : TotalFreq : 7
doc50(4),doc80(1),doc86(1),doc88(1),
"vaccini" : TotalFreq : 1
doc17(1),
"valid" : TotalFreq : 1
doc88(1),
"validli" : TotalFreq : 1
doc36(1),
"valu" : TotalFreq : 10
doc0(1),doc37(1),doc45(1),doc46(4),doc52(1),doc76(2),
"valuabl" : TotalFreq : 3
doc13(1),doc74(1),doc78(1),
"vanadium" : TotalFreq : 1
doc13(1),
"vari" : TotalFreq : 6
doc10(1),doc51(1),doc56(1),doc78(1),doc85(1),doc93(1),
"variabl" : TotalFreq : 2
doc51(2),
"variant" : TotalFreq : 2
doc14(1),doc21(1),
"variat" : TotalFreq : 1
doc13(1),
"varieti" : TotalFreq : 3
doc59(1),doc90(2),
"variou" : TotalFreq : 10
doc2(1),doc14(1),doc27(1),doc34(1),doc47(1),doc60(1),doc62(2),doc89(2),
"vascular" : TotalFreq : 1
doc83(1),
"vasopressin" : TotalFreq : 2
doc73(2),
"vasotocin" : TotalFreq : 1
doc54(1),
"vast" : TotalFreq : 3
doc90(2),doc91(1),
"vate" : TotalFreq : 1
doc38(1),
"vecchio" : TotalFreq : 1
doc73(1),
"vector" : TotalFreq : 1
doc93(1),
"veget" : TotalFreq : 1
doc6(1),
"velop" : TotalFreq : 1
doc66(1),
"velopharyng" : TotalFreq : 2
doc92(2),
"ventricular" : TotalFreq : 1
doc9(1),
"verbal" : TotalFreq : 3
doc97(3),
"vergleichend" : TotalFreq : 1
doc30(1),
"veri" : TotalFreq : 6
doc2(1),doc15(1),doc39(2),doc74(1),doc101(1),
"vermeulen" : TotalFreq : 1
doc34(1),
"vesicl" : TotalFreq : 3
doc82(3),
"view" : TotalFreq : 4
doc28(1),doc36(1),doc73(1),doc84(1),
"viral" : TotalFreq : 7
doc14(2),doc18(3),doc26(1),doc28(1),
"viru" : TotalFreq : 23
doc14(4),doc18(11),doc19(5),doc26(2),doc68(1),
"viscera" : TotalFreq : 1
doc82(1),
"visualis" : TotalFreq : 1
doc8(1),
"vital" : TotalFreq : 2
doc90(1),doc93(1),
"vitamin" : TotalFreq : 11
doc2(3),doc30(2),doc33(3),doc49(3),
"vitro" : TotalFreq : 11
doc4(4),doc21(1),doc36(3),doc64(1),doc70(1),doc85(1),
"vivo" : TotalFreq : 5
doc4(3),doc11(1),doc36(1),
"volum" : TotalFreq : 1
doc60(1),
"von" : TotalFreq : 1
doc49(1),
"wall" : TotalFreq : 1
doc66(1),
"want" : TotalFreq : 1
doc100(1),
"war" : TotalFreq : 1
doc94(1),
"warrant" : TotalFreq : 1
doc36(1),
"water" : TotalFreq : 9
doc7(1),doc39(1),doc42(1),doc46(1),doc54(4),doc60(1),
"we" : TotalFreq : 14
doc28(1),doc30(1),doc42(1),doc59(1),doc61(2),doc67(2),doc72(1),doc78(1),doc87(1),doc100(3),
"wean" : TotalFreq : 1
doc29(1),
"week" : TotalFreq : 8
doc54(1),doc55(2),doc58(1),doc61(4),
"weekli" : TotalFreq : 1
doc74(1),
"weigh" : TotalFreq : 2
doc3(1),doc99(1),
"weight" : TotalFreq : 9
doc18(1),doc29(1),doc56(1),doc60(1),doc73(1),doc77(3),doc99(1),
"well" : TotalFreq : 12
doc38(1),doc44(1),doc56(2),doc59(1),doc72(2),doc85(1),doc89(1),doc93(1),doc96(2),
"were" : TotalFreq : 89
doc3(1),doc4(1),doc6(2),doc8(1),doc9(4),doc11(1),doc17(2),doc18(2),doc19(4),doc20(2),doc22(4),doc24(2),doc25(3),doc27(4),doc30(1),doc31(1),doc32(2),doc35(2),doc38(1),doc39(1),doc45(1),doc46(2),doc47(4),doc50(1),doc54(2),doc55(2),doc56(2),doc57(2),doc58(1),doc63(1),doc64(1),doc68(3),doc73(3),doc74(1),doc75(1),doc76(1),doc77(1),doc78(2),doc79(2),doc81(1),doc86(2),doc87(1),doc88(1),doc94(2),doc97(2),doc99(6),
"what" : TotalFreq : 4
doc45(1),doc93(3),
"when" : TotalFreq : 21
doc8(1),doc13(2),doc15(2),doc17(1),doc18(2),doc33(2),doc42(1),doc46(1),doc50(1),doc51(1),doc54(1),doc64(1),doc66(1),doc71(1),doc81(2),doc96(1),
"where" : TotalFreq : 5
doc18(1),doc60(1),doc75(1),doc96(2),
"wherea" : TotalFreq : 4
doc6(1),doc55(1),doc79(1),doc81(1),
"wherein" : TotalFreq : 1
doc89(1),
"whether" : TotalFreq : 6
doc36(2),doc45(1),doc50(1),doc62(1),doc89(1),
"which" : TotalFreq : 45
doc2(2),doc4(2),doc5(1),doc9(1),doc11(1),doc13(1),doc16(1),doc17(1),doc20(1),doc22(2),doc25(2),doc27(2),doc29(1),doc30(2),doc34(1),doc35(1),doc47(1),doc52(1),doc55(1),doc59(1),doc60(1),doc75(1),doc80(1),doc83(1),doc84(1),doc85(4),doc89(3),doc93(2),doc94(4),doc100(1),
"while" : TotalFreq : 6
doc7(1),doc21(1),doc22(1),doc51(1),doc78(1),doc85(1),
"white" : TotalFreq : 1
doc0(1),
"who" : TotalFreq : 9
doc37(1),doc42(1),doc47(1),doc72(1),doc87(1),doc88(3),doc93(1),
"whole" : TotalFreq : 3
doc0(1),doc64(1),doc102(1),
"whom" : TotalFreq : 1
doc99(1),
"whose" : TotalFreq : 3
doc30(1),doc78(1),doc91(1),
"why" : TotalFreq : 1
doc28(1),
"wide" : TotalFreq : 2
doc42(1),doc51(1),
"wider" : TotalFreq : 1
doc6(1),
"width" : TotalFreq : 5
doc56(2),doc73(3),
"wilhelmi" : TotalFreq : 1
doc61(1),
"wilson" : TotalFreq : 1
doc4(1),
"wire" : TotalFreq : 3
doc34(1),doc42(2),
"wiseman" : TotalFreq : 1
doc4(1),
"wistar" : TotalFreq : 1
doc3(1),
"withdraw" : TotalFreq : 5
doc78(5),
"within" : TotalFreq : 15
doc4(1),doc10(1),doc18(1),doc26(1),doc32(1),doc34(1),doc44(1),doc46(2),doc75(1),doc79(2),doc85(2),doc89(1),
"without" : TotalFreq : 11
doc44(1),doc50(1),doc57(1),doc64(1),doc74(2),doc77(1),doc81(1),doc84(1),doc89(1),doc92(1),
"wk" : TotalFreq : 2
doc24(2),
"word" : TotalFreq : 1
doc94(1),
"work" : TotalFreq : 3
doc42(1),doc78(1),doc89(1),
"world" : TotalFreq : 2
doc94(1),doc102(1),
"would" : TotalFreq : 4
doc34(1),doc45(1),doc50(1),doc75(1),
"wrong" : TotalFreq : 2
doc93(2),
"x" : TotalFreq : 3
doc4(1),doc14(1),doc18(1),
"y" : TotalFreq : 4
doc2(1),doc15(1),doc22(2),
"year" : TotalFreq : 18
doc45(1),doc55(1),doc57(1),doc58(2),doc60(1),doc61(4),doc91(1),doc94(4),doc96(2),doc99(1),
"yellow" : TotalFreq : 2
doc31(2),
"yet" : TotalFreq : 7
doc28(1),doc36(1),doc64(1),doc80(2),doc85(1),doc88(1),
"yield" : TotalFreq : 6
doc18(1),doc63(2),doc71(3),
"yolk" : TotalFreq : 1
doc0(1),
"young" : TotalFreq : 5
doc47(1),doc83(1),doc89(2),doc97(1),
"youngest" : TotalFreq : 1
doc92(1),
"yr" : TotalFreq : 1
doc1(1),
"yttrium" : TotalFreq : 1
doc42(1),
"zimmer" : TotalFreq : 1
doc42(1),
"zinc" : TotalFreq : 1
doc13(1),
"zone" : TotalFreq : 2
doc29(1),doc75(1),
]]></system-out>
  <system-err><![CDATA[]]></system-err>
</testsuite>
